{"time":"2026-04-11T21:08:08.054374489-04:00","level":"INFO","msg":"wandb-core"}
{"time":"2026-04-11T21:08:08.055149981-04:00","level":"INFO","msg":"stream: starting","core version":"0.25.1"}
{"time":"2026-04-11T21:08:08.302012067-04:00","level":"INFO","msg":"stream: created new stream","id":"e3z144so"}
{"time":"2026-04-11T21:08:08.30215617-04:00","level":"INFO","msg":"handler: started"}
{"time":"2026-04-11T21:08:08.302882336-04:00","level":"INFO","msg":"stream: started"}
{"time":"2026-04-11T21:08:08.302899515-04:00","level":"INFO","msg":"sender: started"}
{"time":"2026-04-11T21:08:08.302895841-04:00","level":"INFO","msg":"writer: started","stream_id":"e3z144so"}
{"time":"2026-04-11T21:08:08.860069163-04:00","level":"INFO","msg":"filestream: sending request","total_files":1,"console_offset":0,"console_lines":1}
{"time":"2026-04-11T21:08:09.102605511-04:00","level":"INFO","msg":"filestream: request sent","status":"200 OK"}
{"time":"2026-04-11T21:08:23.861002643-04:00","level":"INFO","msg":"filestream: sending request","total_files":2,"events_offset":0,"events_lines":2,"console_offset":1,"console_lines":12,"uploaded_len":2}
{"time":"2026-04-11T21:08:24.023638556-04:00","level":"INFO","msg":"filestream: request sent","status":"200 OK"}
{"time":"2026-04-11T21:08:38.860815661-04:00","level":"INFO","msg":"filestream: sending request","total_files":2,"events_offset":2,"events_lines":2,"console_offset":13,"console_lines":9}
{"time":"2026-04-11T21:08:39.033917614-04:00","level":"INFO","msg":"filestream: request sent","status":"200 OK"}
{"time":"2026-04-11T21:08:53.860753357-04:00","level":"INFO","msg":"filestream: sending request","total_files":1,"events_offset":4,"events_lines":2}
{"time":"2026-04-11T21:08:54.007618685-04:00","level":"INFO","msg":"filestream: request sent","status":"200 OK"}
{"time":"2026-04-11T21:08:54.746123371-04:00","level":"INFO","msg":"stream: closing"}
{"time":"2026-04-11T21:08:55.012743674-04:00","level":"INFO","msg":"fileTransfer: Close: file transfer manager closed"}
{"time":"2026-04-11T21:08:55.012892702-04:00","level":"INFO","msg":"filestream: sending request","total_files":2,"console_offset":22,"console_lines":29,"uploaded_len":3,"complete":true,"exit_code":255}
{"time":"2026-04-11T21:08:55.229900423-04:00","level":"INFO","msg":"filestream: request sent","status":"200 OK"}
{"time":"2026-04-11T21:08:55.230008964-04:00","level":"INFO","msg":"handler: closed"}
{"time":"2026-04-11T21:08:55.231289329-04:00","level":"INFO","msg":"sender: closed"}
{"time":"2026-04-11T21:08:55.231295294-04:00","level":"INFO","msg":"stream: closed"}
