{"time":"2026-04-13T17:54:24.147299828-04:00","level":"INFO","msg":"wandb-core"}
{"time":"2026-04-13T17:54:24.151692672-04:00","level":"INFO","msg":"stream: starting","core version":"0.25.1"}
{"time":"2026-04-13T17:54:24.400279784-04:00","level":"INFO","msg":"stream: created new stream","id":"9xawcb60"}
{"time":"2026-04-13T17:54:24.400317844-04:00","level":"INFO","msg":"handler: started"}
{"time":"2026-04-13T17:54:24.401086261-04:00","level":"INFO","msg":"stream: started"}
{"time":"2026-04-13T17:54:24.401091228-04:00","level":"INFO","msg":"writer: started","stream_id":"9xawcb60"}
{"time":"2026-04-13T17:54:24.401098183-04:00","level":"INFO","msg":"sender: started"}
{"time":"2026-04-13T17:54:25.529689226-04:00","level":"INFO","msg":"filestream: sending request","total_files":1,"console_offset":0,"console_lines":1}
{"time":"2026-04-13T17:54:25.733376612-04:00","level":"INFO","msg":"filestream: request sent","status":"200 OK"}
{"time":"2026-04-13T17:54:40.529990568-04:00","level":"INFO","msg":"filestream: sending request","total_files":2,"events_offset":0,"events_lines":2,"console_offset":1,"console_lines":21,"uploaded_len":2}
{"time":"2026-04-13T17:54:40.99293383-04:00","level":"INFO","msg":"filestream: request sent","status":"200 OK"}
{"time":"2026-04-13T17:54:55.529694546-04:00","level":"INFO","msg":"filestream: sending request","total_files":1,"events_offset":2,"events_lines":2}
{"time":"2026-04-13T17:54:55.704009557-04:00","level":"INFO","msg":"filestream: request sent","status":"200 OK"}
{"time":"2026-04-13T17:55:10.53049816-04:00","level":"INFO","msg":"filestream: sending request","total_files":2,"events_offset":4,"events_lines":2,"console_offset":22,"console_lines":1}
{"time":"2026-04-13T17:55:10.742870817-04:00","level":"INFO","msg":"filestream: request sent","status":"200 OK"}
{"time":"2026-04-13T17:55:25.530370121-04:00","level":"INFO","msg":"filestream: sending request","total_files":2,"events_offset":6,"events_lines":2,"console_offset":23,"console_lines":1}
{"time":"2026-04-13T17:55:25.749264734-04:00","level":"INFO","msg":"filestream: request sent","status":"200 OK"}
{"time":"2026-04-13T17:55:40.529810993-04:00","level":"INFO","msg":"filestream: sending request","total_files":1,"events_offset":8,"events_lines":2}
{"time":"2026-04-13T17:55:40.713115487-04:00","level":"INFO","msg":"filestream: request sent","status":"200 OK"}
{"time":"2026-04-13T17:55:55.530555938-04:00","level":"INFO","msg":"filestream: sending request","total_files":1,"events_offset":10,"events_lines":2}
{"time":"2026-04-13T17:55:55.667819784-04:00","level":"INFO","msg":"filestream: request sent","status":"200 OK"}
{"time":"2026-04-13T17:56:10.529775676-04:00","level":"INFO","msg":"filestream: sending request","total_files":1,"events_offset":12,"events_lines":2}
{"time":"2026-04-13T17:56:10.725710403-04:00","level":"INFO","msg":"filestream: request sent","status":"200 OK"}
{"time":"2026-04-13T17:56:25.529784452-04:00","level":"INFO","msg":"filestream: sending request","total_files":2,"events_offset":14,"events_lines":2,"console_offset":23,"console_lines":1}
{"time":"2026-04-13T17:56:25.732502115-04:00","level":"INFO","msg":"filestream: request sent","status":"200 OK"}
{"time":"2026-04-13T17:56:40.529989177-04:00","level":"INFO","msg":"filestream: sending request","total_files":1,"events_offset":16,"events_lines":2}
{"time":"2026-04-13T17:56:40.685810687-04:00","level":"INFO","msg":"filestream: request sent","status":"200 OK"}
{"time":"2026-04-13T17:56:55.530059832-04:00","level":"INFO","msg":"filestream: sending request","total_files":1,"events_offset":18,"events_lines":2}
{"time":"2026-04-13T17:56:55.682982265-04:00","level":"INFO","msg":"filestream: request sent","status":"200 OK"}
{"time":"2026-04-13T17:57:10.529980366-04:00","level":"INFO","msg":"filestream: sending request","total_files":1,"events_offset":20,"events_lines":2}
{"time":"2026-04-13T17:57:10.701328073-04:00","level":"INFO","msg":"filestream: request sent","status":"200 OK"}
{"time":"2026-04-13T17:57:25.530345281-04:00","level":"INFO","msg":"filestream: sending request","total_files":1,"events_offset":22,"events_lines":2}
{"time":"2026-04-13T17:57:25.733115422-04:00","level":"INFO","msg":"filestream: request sent","status":"200 OK"}
{"time":"2026-04-13T17:57:40.530136217-04:00","level":"INFO","msg":"filestream: sending request","total_files":1,"events_offset":24,"events_lines":2}
{"time":"2026-04-13T17:57:40.657804642-04:00","level":"INFO","msg":"filestream: request sent","status":"200 OK"}
{"time":"2026-04-13T17:57:55.530636075-04:00","level":"INFO","msg":"filestream: sending request","total_files":1,"events_offset":26,"events_lines":2}
{"time":"2026-04-13T17:57:55.679570392-04:00","level":"INFO","msg":"filestream: request sent","status":"200 OK"}
{"time":"2026-04-13T17:58:10.530480488-04:00","level":"INFO","msg":"filestream: sending request","total_files":1,"events_offset":28,"events_lines":2}
{"time":"2026-04-13T17:58:10.675022289-04:00","level":"INFO","msg":"filestream: request sent","status":"200 OK"}
{"time":"2026-04-13T17:58:25.529915104-04:00","level":"INFO","msg":"filestream: sending request","total_files":1,"events_offset":30,"events_lines":2}
{"time":"2026-04-13T17:58:25.681041066-04:00","level":"INFO","msg":"filestream: request sent","status":"200 OK"}
{"time":"2026-04-13T17:58:40.530733988-04:00","level":"INFO","msg":"filestream: sending request","total_files":1,"events_offset":32,"events_lines":2}
{"time":"2026-04-13T17:58:41.077305551-04:00","level":"INFO","msg":"filestream: request sent","status":"200 OK"}
{"time":"2026-04-13T17:58:55.530239752-04:00","level":"INFO","msg":"filestream: sending request","total_files":1,"events_offset":34,"events_lines":2}
{"time":"2026-04-13T17:58:55.701995889-04:00","level":"INFO","msg":"filestream: request sent","status":"200 OK"}
{"time":"2026-04-13T17:59:10.529899253-04:00","level":"INFO","msg":"filestream: sending request","total_files":2,"events_offset":36,"events_lines":2,"console_offset":23,"console_lines":1}
{"time":"2026-04-13T17:59:10.691455129-04:00","level":"INFO","msg":"filestream: request sent","status":"200 OK"}
{"time":"2026-04-13T17:59:25.530437782-04:00","level":"INFO","msg":"filestream: sending request","total_files":1,"events_offset":38,"events_lines":2}
{"time":"2026-04-13T17:59:25.776427847-04:00","level":"INFO","msg":"filestream: request sent","status":"200 OK"}
{"time":"2026-04-13T17:59:40.530721364-04:00","level":"INFO","msg":"filestream: sending request","total_files":1,"events_offset":40,"events_lines":2}
{"time":"2026-04-13T17:59:40.784061984-04:00","level":"INFO","msg":"filestream: request sent","status":"200 OK"}
{"time":"2026-04-13T17:59:55.530671628-04:00","level":"INFO","msg":"filestream: sending request","total_files":2,"events_offset":42,"events_lines":2,"console_offset":23,"console_lines":1}
{"time":"2026-04-13T17:59:55.71873665-04:00","level":"INFO","msg":"filestream: request sent","status":"200 OK"}
{"time":"2026-04-13T18:00:10.530039363-04:00","level":"INFO","msg":"filestream: sending request","total_files":1,"events_offset":44,"events_lines":2}
{"time":"2026-04-13T18:00:10.793933109-04:00","level":"INFO","msg":"filestream: request sent","status":"200 OK"}
{"time":"2026-04-13T18:00:25.52982713-04:00","level":"INFO","msg":"filestream: sending request","total_files":1,"events_offset":46,"events_lines":2}
{"time":"2026-04-13T18:00:25.848815741-04:00","level":"INFO","msg":"filestream: request sent","status":"200 OK"}
{"time":"2026-04-13T18:00:40.530219939-04:00","level":"INFO","msg":"filestream: sending request","total_files":1,"events_offset":48,"events_lines":2}
{"time":"2026-04-13T18:00:40.898859029-04:00","level":"INFO","msg":"filestream: request sent","status":"200 OK"}
{"time":"2026-04-13T18:00:55.530074984-04:00","level":"INFO","msg":"filestream: sending request","total_files":2,"events_offset":50,"events_lines":2,"console_offset":23,"console_lines":1}
{"time":"2026-04-13T18:00:55.742362469-04:00","level":"INFO","msg":"filestream: request sent","status":"200 OK"}
{"time":"2026-04-13T18:01:10.530245838-04:00","level":"INFO","msg":"filestream: sending request","total_files":1,"events_offset":52,"events_lines":2}
{"time":"2026-04-13T18:01:10.692629673-04:00","level":"INFO","msg":"filestream: request sent","status":"200 OK"}
{"time":"2026-04-13T18:01:25.530234108-04:00","level":"INFO","msg":"filestream: sending request","total_files":1,"events_offset":54,"events_lines":2}
{"time":"2026-04-13T18:01:25.782662577-04:00","level":"INFO","msg":"filestream: request sent","status":"200 OK"}
{"time":"2026-04-13T18:01:40.530526241-04:00","level":"INFO","msg":"filestream: sending request","total_files":1,"events_offset":56,"events_lines":2}
{"time":"2026-04-13T18:01:40.734075134-04:00","level":"INFO","msg":"filestream: request sent","status":"200 OK"}
{"time":"2026-04-13T18:01:55.53050123-04:00","level":"INFO","msg":"filestream: sending request","total_files":1,"events_offset":58,"events_lines":2}
{"time":"2026-04-13T18:01:55.690288851-04:00","level":"INFO","msg":"filestream: request sent","status":"200 OK"}
{"time":"2026-04-13T18:02:10.530537377-04:00","level":"INFO","msg":"filestream: sending request","total_files":1,"events_offset":60,"events_lines":2}
{"time":"2026-04-13T18:02:10.726897763-04:00","level":"INFO","msg":"filestream: request sent","status":"200 OK"}
{"time":"2026-04-13T18:02:25.530669431-04:00","level":"INFO","msg":"filestream: sending request","total_files":1,"events_offset":62,"events_lines":2}
{"time":"2026-04-13T18:02:25.757743918-04:00","level":"INFO","msg":"filestream: request sent","status":"200 OK"}
{"time":"2026-04-13T18:02:40.53005385-04:00","level":"INFO","msg":"filestream: sending request","total_files":1,"events_offset":64,"events_lines":2}
{"time":"2026-04-13T18:02:40.765929812-04:00","level":"INFO","msg":"filestream: request sent","status":"200 OK"}
{"time":"2026-04-13T18:02:55.529820614-04:00","level":"INFO","msg":"filestream: sending request","total_files":1,"events_offset":66,"events_lines":2}
{"time":"2026-04-13T18:02:55.69350738-04:00","level":"INFO","msg":"filestream: request sent","status":"200 OK"}
{"time":"2026-04-13T18:03:10.529927705-04:00","level":"INFO","msg":"filestream: sending request","total_files":1,"events_offset":68,"events_lines":2}
{"time":"2026-04-13T18:03:10.762952535-04:00","level":"INFO","msg":"filestream: request sent","status":"200 OK"}
{"time":"2026-04-13T18:03:25.530027238-04:00","level":"INFO","msg":"filestream: sending request","total_files":1,"events_offset":70,"events_lines":2}
{"time":"2026-04-13T18:03:25.851670567-04:00","level":"INFO","msg":"filestream: request sent","status":"200 OK"}
{"time":"2026-04-13T18:03:26.10536966-04:00","level":"INFO","msg":"stream: closing"}
{"time":"2026-04-13T18:03:26.425651693-04:00","level":"INFO","msg":"fileTransfer: Close: file transfer manager closed"}
{"time":"2026-04-13T18:03:26.425816575-04:00","level":"INFO","msg":"filestream: sending request","total_files":2,"console_offset":23,"console_lines":71,"uploaded_len":3,"complete":true,"exit_code":255}
{"time":"2026-04-13T18:03:26.63018911-04:00","level":"INFO","msg":"filestream: request sent","status":"200 OK"}
{"time":"2026-04-13T18:03:26.630263722-04:00","level":"INFO","msg":"handler: closed"}
{"time":"2026-04-13T18:03:26.63099636-04:00","level":"INFO","msg":"sender: closed"}
{"time":"2026-04-13T18:03:26.631001423-04:00","level":"INFO","msg":"stream: closed"}
