{"time":"2026-04-13T19:42:05.240959003-04:00","level":"INFO","msg":"wandb-core"}
{"time":"2026-04-13T19:42:05.243985427-04:00","level":"INFO","msg":"stream: starting","core version":"0.25.1"}
{"time":"2026-04-13T19:42:05.497377658-04:00","level":"INFO","msg":"stream: created new stream","id":"6f0aasll"}
{"time":"2026-04-13T19:42:05.49741197-04:00","level":"INFO","msg":"handler: started"}
{"time":"2026-04-13T19:42:05.498096903-04:00","level":"INFO","msg":"stream: started"}
{"time":"2026-04-13T19:42:05.4981159-04:00","level":"INFO","msg":"sender: started"}
{"time":"2026-04-13T19:42:05.498112232-04:00","level":"INFO","msg":"writer: started","stream_id":"6f0aasll"}
{"time":"2026-04-13T19:42:06.203834065-04:00","level":"INFO","msg":"filestream: sending request","total_files":1,"console_offset":0,"console_lines":1}
{"time":"2026-04-13T19:42:06.399741603-04:00","level":"INFO","msg":"filestream: request sent","status":"200 OK"}
{"time":"2026-04-13T19:42:21.204276588-04:00","level":"INFO","msg":"filestream: sending request","total_files":2,"events_offset":0,"events_lines":2,"console_offset":1,"console_lines":20,"uploaded_len":2}
{"time":"2026-04-13T19:42:21.358731807-04:00","level":"INFO","msg":"filestream: request sent","status":"200 OK"}
{"time":"2026-04-13T19:42:36.204636582-04:00","level":"INFO","msg":"filestream: sending request","total_files":1,"events_offset":2,"events_lines":2}
{"time":"2026-04-13T19:42:36.3672191-04:00","level":"INFO","msg":"filestream: request sent","status":"200 OK"}
{"time":"2026-04-13T19:42:51.204471102-04:00","level":"INFO","msg":"filestream: sending request","total_files":2,"events_offset":4,"events_lines":2,"console_offset":21,"console_lines":2}
{"time":"2026-04-13T19:42:51.363977261-04:00","level":"INFO","msg":"filestream: request sent","status":"200 OK"}
{"time":"2026-04-13T19:43:06.203956253-04:00","level":"INFO","msg":"filestream: sending request","total_files":1,"events_offset":6,"events_lines":2}
{"time":"2026-04-13T19:43:06.385866693-04:00","level":"INFO","msg":"filestream: request sent","status":"200 OK"}
{"time":"2026-04-13T19:43:21.20477612-04:00","level":"INFO","msg":"filestream: sending request","total_files":1,"events_offset":8,"events_lines":2}
{"time":"2026-04-13T19:43:21.356722821-04:00","level":"INFO","msg":"filestream: request sent","status":"200 OK"}
{"time":"2026-04-13T19:43:36.20437992-04:00","level":"INFO","msg":"filestream: sending request","total_files":1,"events_offset":10,"events_lines":2}
{"time":"2026-04-13T19:43:36.347570638-04:00","level":"INFO","msg":"filestream: request sent","status":"200 OK"}
{"time":"2026-04-13T19:43:51.203852072-04:00","level":"INFO","msg":"filestream: sending request","total_files":1,"events_offset":12,"events_lines":2}
{"time":"2026-04-13T19:43:51.348231028-04:00","level":"INFO","msg":"filestream: request sent","status":"200 OK"}
{"time":"2026-04-13T19:44:06.204712062-04:00","level":"INFO","msg":"filestream: sending request","total_files":1,"events_offset":14,"events_lines":2}
{"time":"2026-04-13T19:44:06.382634972-04:00","level":"INFO","msg":"filestream: request sent","status":"200 OK"}
{"time":"2026-04-13T19:44:21.204007374-04:00","level":"INFO","msg":"filestream: sending request","total_files":1,"events_offset":16,"events_lines":2}
{"time":"2026-04-13T19:44:21.415370753-04:00","level":"INFO","msg":"filestream: request sent","status":"200 OK"}
{"time":"2026-04-13T19:44:36.203986998-04:00","level":"INFO","msg":"filestream: sending request","total_files":1,"events_offset":18,"events_lines":2}
{"time":"2026-04-13T19:44:36.342683958-04:00","level":"INFO","msg":"filestream: request sent","status":"200 OK"}
{"time":"2026-04-13T19:44:51.204249883-04:00","level":"INFO","msg":"filestream: sending request","total_files":1,"events_offset":20,"events_lines":2}
{"time":"2026-04-13T19:44:51.328751478-04:00","level":"INFO","msg":"filestream: request sent","status":"200 OK"}
{"time":"2026-04-13T19:45:06.204230739-04:00","level":"INFO","msg":"filestream: sending request","total_files":1,"events_offset":22,"events_lines":2}
{"time":"2026-04-13T19:45:06.581148904-04:00","level":"INFO","msg":"filestream: request sent","status":"200 OK"}
{"time":"2026-04-13T19:45:21.204709726-04:00","level":"INFO","msg":"filestream: sending request","total_files":1,"events_offset":24,"events_lines":2}
{"time":"2026-04-13T19:45:21.438940128-04:00","level":"INFO","msg":"filestream: request sent","status":"200 OK"}
{"time":"2026-04-13T19:45:36.204510503-04:00","level":"INFO","msg":"filestream: sending request","total_files":1,"events_offset":26,"events_lines":2}
{"time":"2026-04-13T19:45:36.392127771-04:00","level":"INFO","msg":"filestream: request sent","status":"200 OK"}
{"time":"2026-04-13T19:45:51.203825366-04:00","level":"INFO","msg":"filestream: sending request","total_files":1,"events_offset":28,"events_lines":2}
{"time":"2026-04-13T19:45:51.434264576-04:00","level":"INFO","msg":"filestream: request sent","status":"200 OK"}
{"time":"2026-04-13T19:46:06.20478037-04:00","level":"INFO","msg":"filestream: sending request","total_files":1,"events_offset":30,"events_lines":2}
{"time":"2026-04-13T19:46:06.383281943-04:00","level":"INFO","msg":"filestream: request sent","status":"200 OK"}
{"time":"2026-04-13T19:46:21.203833188-04:00","level":"INFO","msg":"filestream: sending request","total_files":1,"events_offset":32,"events_lines":2}
{"time":"2026-04-13T19:46:21.393390132-04:00","level":"INFO","msg":"filestream: request sent","status":"200 OK"}
{"time":"2026-04-13T19:46:36.204093203-04:00","level":"INFO","msg":"filestream: sending request","total_files":2,"events_offset":34,"events_lines":2,"console_offset":22,"console_lines":1}
{"time":"2026-04-13T19:46:36.382268655-04:00","level":"INFO","msg":"filestream: request sent","status":"200 OK"}
{"time":"2026-04-13T19:46:51.204049357-04:00","level":"INFO","msg":"filestream: sending request","total_files":1,"events_offset":36,"events_lines":2}
{"time":"2026-04-13T19:46:51.38067281-04:00","level":"INFO","msg":"filestream: request sent","status":"200 OK"}
{"time":"2026-04-13T19:47:06.20423402-04:00","level":"INFO","msg":"filestream: sending request","total_files":1,"events_offset":38,"events_lines":2}
{"time":"2026-04-13T19:47:06.390502576-04:00","level":"INFO","msg":"filestream: request sent","status":"200 OK"}
{"time":"2026-04-13T19:47:21.204494639-04:00","level":"INFO","msg":"filestream: sending request","total_files":1,"events_offset":40,"events_lines":2}
{"time":"2026-04-13T19:47:21.471374712-04:00","level":"INFO","msg":"filestream: request sent","status":"200 OK"}
{"time":"2026-04-13T19:47:36.204617316-04:00","level":"INFO","msg":"filestream: sending request","total_files":1,"events_offset":42,"events_lines":2}
{"time":"2026-04-13T19:47:36.353772676-04:00","level":"INFO","msg":"filestream: request sent","status":"200 OK"}
{"time":"2026-04-13T19:47:51.204864648-04:00","level":"INFO","msg":"filestream: sending request","total_files":1,"events_offset":44,"events_lines":2}
{"time":"2026-04-13T19:47:51.371014592-04:00","level":"INFO","msg":"filestream: request sent","status":"200 OK"}
{"time":"2026-04-13T19:48:06.204856949-04:00","level":"INFO","msg":"filestream: sending request","total_files":1,"events_offset":46,"events_lines":2}
{"time":"2026-04-13T19:48:06.358701945-04:00","level":"INFO","msg":"filestream: request sent","status":"200 OK"}
{"time":"2026-04-13T19:48:21.204766324-04:00","level":"INFO","msg":"filestream: sending request","total_files":1,"events_offset":48,"events_lines":2}
{"time":"2026-04-13T19:48:21.406059502-04:00","level":"INFO","msg":"filestream: request sent","status":"200 OK"}
{"time":"2026-04-13T19:48:36.2041922-04:00","level":"INFO","msg":"filestream: sending request","total_files":1,"events_offset":50,"events_lines":2}
{"time":"2026-04-13T19:48:36.379628481-04:00","level":"INFO","msg":"filestream: request sent","status":"200 OK"}
{"time":"2026-04-13T19:48:51.204060046-04:00","level":"INFO","msg":"filestream: sending request","total_files":1,"events_offset":52,"events_lines":2}
{"time":"2026-04-13T19:48:51.371776893-04:00","level":"INFO","msg":"filestream: request sent","status":"200 OK"}
{"time":"2026-04-13T19:49:06.204421561-04:00","level":"INFO","msg":"filestream: sending request","total_files":1,"events_offset":54,"events_lines":2}
{"time":"2026-04-13T19:49:06.340636151-04:00","level":"INFO","msg":"filestream: request sent","status":"200 OK"}
{"time":"2026-04-13T19:49:21.204192948-04:00","level":"INFO","msg":"filestream: sending request","total_files":1,"events_offset":56,"events_lines":2}
{"time":"2026-04-13T19:49:21.374850668-04:00","level":"INFO","msg":"filestream: request sent","status":"200 OK"}
{"time":"2026-04-13T19:49:36.20470546-04:00","level":"INFO","msg":"filestream: sending request","total_files":1,"events_offset":58,"events_lines":2}
{"time":"2026-04-13T19:49:36.386542477-04:00","level":"INFO","msg":"filestream: request sent","status":"200 OK"}
{"time":"2026-04-13T19:49:51.20431215-04:00","level":"INFO","msg":"filestream: sending request","total_files":1,"events_offset":60,"events_lines":2}
{"time":"2026-04-13T19:49:51.396067594-04:00","level":"INFO","msg":"filestream: request sent","status":"200 OK"}
{"time":"2026-04-13T19:50:06.20389039-04:00","level":"INFO","msg":"filestream: sending request","total_files":1,"events_offset":62,"events_lines":2}
{"time":"2026-04-13T19:50:06.392368906-04:00","level":"INFO","msg":"filestream: request sent","status":"200 OK"}
{"time":"2026-04-13T19:50:21.203962258-04:00","level":"INFO","msg":"filestream: sending request","total_files":1,"events_offset":64,"events_lines":2}
{"time":"2026-04-13T19:50:21.411453994-04:00","level":"INFO","msg":"filestream: request sent","status":"200 OK"}
{"time":"2026-04-13T19:50:36.203949322-04:00","level":"INFO","msg":"filestream: sending request","total_files":1,"events_offset":66,"events_lines":2}
{"time":"2026-04-13T19:50:36.431857661-04:00","level":"INFO","msg":"filestream: request sent","status":"200 OK"}
{"time":"2026-04-13T19:50:51.204790764-04:00","level":"INFO","msg":"filestream: sending request","total_files":1,"events_offset":68,"events_lines":2}
{"time":"2026-04-13T19:50:51.411790783-04:00","level":"INFO","msg":"filestream: request sent","status":"200 OK"}
{"time":"2026-04-13T19:51:06.204423536-04:00","level":"INFO","msg":"filestream: sending request","total_files":2,"events_offset":70,"events_lines":2,"console_offset":22,"console_lines":1}
{"time":"2026-04-13T19:51:06.37011961-04:00","level":"INFO","msg":"filestream: request sent","status":"200 OK"}
{"time":"2026-04-13T19:51:21.204088031-04:00","level":"INFO","msg":"filestream: sending request","total_files":1,"events_offset":72,"events_lines":2}
{"time":"2026-04-13T19:51:21.412585592-04:00","level":"INFO","msg":"filestream: request sent","status":"200 OK"}
{"time":"2026-04-13T19:51:36.203969231-04:00","level":"INFO","msg":"filestream: sending request","total_files":1,"events_offset":74,"events_lines":2}
{"time":"2026-04-13T19:51:36.377298979-04:00","level":"INFO","msg":"filestream: request sent","status":"200 OK"}
{"time":"2026-04-13T19:51:51.204400852-04:00","level":"INFO","msg":"filestream: sending request","total_files":1,"events_offset":76,"events_lines":2}
{"time":"2026-04-13T19:51:51.405940869-04:00","level":"INFO","msg":"filestream: request sent","status":"200 OK"}
{"time":"2026-04-13T19:52:06.20421422-04:00","level":"INFO","msg":"filestream: sending request","total_files":1,"events_offset":78,"events_lines":2}
{"time":"2026-04-13T19:52:06.372253282-04:00","level":"INFO","msg":"filestream: request sent","status":"200 OK"}
{"time":"2026-04-13T19:52:21.204470776-04:00","level":"INFO","msg":"filestream: sending request","total_files":1,"events_offset":80,"events_lines":2}
{"time":"2026-04-13T19:52:21.420435757-04:00","level":"INFO","msg":"filestream: request sent","status":"200 OK"}
{"time":"2026-04-13T19:52:36.20441373-04:00","level":"INFO","msg":"filestream: sending request","total_files":1,"events_offset":82,"events_lines":2}
{"time":"2026-04-13T19:52:36.387896175-04:00","level":"INFO","msg":"filestream: request sent","status":"200 OK"}
{"time":"2026-04-13T19:52:51.204381423-04:00","level":"INFO","msg":"filestream: sending request","total_files":1,"events_offset":84,"events_lines":2}
{"time":"2026-04-13T19:52:51.374245401-04:00","level":"INFO","msg":"filestream: request sent","status":"200 OK"}
{"time":"2026-04-13T19:53:06.20485869-04:00","level":"INFO","msg":"filestream: sending request","total_files":1,"events_offset":86,"events_lines":2}
{"time":"2026-04-13T19:53:06.327759218-04:00","level":"INFO","msg":"filestream: request sent","status":"200 OK"}
{"time":"2026-04-13T19:53:21.204636937-04:00","level":"INFO","msg":"filestream: sending request","total_files":1,"events_offset":88,"events_lines":2}
{"time":"2026-04-13T19:53:21.401186317-04:00","level":"INFO","msg":"filestream: request sent","status":"200 OK"}
{"time":"2026-04-13T19:53:36.204776594-04:00","level":"INFO","msg":"filestream: sending request","total_files":1,"events_offset":90,"events_lines":2}
{"time":"2026-04-13T19:53:36.352654909-04:00","level":"INFO","msg":"filestream: request sent","status":"200 OK"}
{"time":"2026-04-13T19:53:51.204732283-04:00","level":"INFO","msg":"filestream: sending request","total_files":1,"events_offset":92,"events_lines":2}
{"time":"2026-04-13T19:53:51.373367544-04:00","level":"INFO","msg":"filestream: request sent","status":"200 OK"}
{"time":"2026-04-13T19:54:06.20383433-04:00","level":"INFO","msg":"filestream: sending request","total_files":1,"events_offset":94,"events_lines":2}
{"time":"2026-04-13T19:54:06.375124326-04:00","level":"INFO","msg":"filestream: request sent","status":"200 OK"}
{"time":"2026-04-13T19:54:20.384704675-04:00","level":"INFO","msg":"stream: closing"}
{"time":"2026-04-13T19:54:20.73595576-04:00","level":"INFO","msg":"fileTransfer: Close: file transfer manager closed"}
{"time":"2026-04-13T19:54:20.736114018-04:00","level":"INFO","msg":"filestream: sending request","total_files":2,"console_offset":22,"console_lines":72,"uploaded_len":3,"complete":true,"exit_code":255}
{"time":"2026-04-13T19:54:20.958840833-04:00","level":"INFO","msg":"filestream: request sent","status":"200 OK"}
{"time":"2026-04-13T19:54:20.958924596-04:00","level":"INFO","msg":"handler: closed"}
{"time":"2026-04-13T19:54:20.960025243-04:00","level":"INFO","msg":"sender: closed"}
{"time":"2026-04-13T19:54:20.96003031-04:00","level":"INFO","msg":"stream: closed"}
