{"time":"2026-04-13T20:12:06.105490101-04:00","level":"INFO","msg":"wandb-core"}
{"time":"2026-04-13T20:12:06.106211649-04:00","level":"INFO","msg":"stream: starting","core version":"0.25.1"}
{"time":"2026-04-13T20:12:06.357014092-04:00","level":"INFO","msg":"stream: created new stream","id":"21r87ko6"}
{"time":"2026-04-13T20:12:06.357061055-04:00","level":"INFO","msg":"handler: started"}
{"time":"2026-04-13T20:12:06.357784473-04:00","level":"INFO","msg":"stream: started"}
{"time":"2026-04-13T20:12:06.357798189-04:00","level":"INFO","msg":"writer: started","stream_id":"21r87ko6"}
{"time":"2026-04-13T20:12:06.357801403-04:00","level":"INFO","msg":"sender: started"}
{"time":"2026-04-13T20:12:07.329639112-04:00","level":"INFO","msg":"filestream: sending request","total_files":1,"console_offset":0,"console_lines":1}
{"time":"2026-04-13T20:12:07.500387111-04:00","level":"INFO","msg":"filestream: request sent","status":"200 OK"}
{"time":"2026-04-13T20:12:22.330204428-04:00","level":"INFO","msg":"filestream: sending request","total_files":2,"events_offset":0,"events_lines":2,"console_offset":1,"console_lines":19,"uploaded_len":2}
{"time":"2026-04-13T20:12:22.469314974-04:00","level":"INFO","msg":"filestream: request sent","status":"200 OK"}
{"time":"2026-04-13T20:12:37.330552512-04:00","level":"INFO","msg":"filestream: sending request","total_files":1,"events_offset":2,"events_lines":2}
{"time":"2026-04-13T20:12:37.487213383-04:00","level":"INFO","msg":"filestream: request sent","status":"200 OK"}
{"time":"2026-04-13T20:12:52.330440989-04:00","level":"INFO","msg":"filestream: sending request","total_files":2,"events_offset":4,"events_lines":2,"console_offset":20,"console_lines":2}
{"time":"2026-04-13T20:12:52.451590182-04:00","level":"INFO","msg":"filestream: request sent","status":"200 OK"}
{"time":"2026-04-13T20:13:07.329990901-04:00","level":"INFO","msg":"filestream: sending request","total_files":1,"events_offset":6,"events_lines":2}
{"time":"2026-04-13T20:13:07.500102915-04:00","level":"INFO","msg":"filestream: request sent","status":"200 OK"}
{"time":"2026-04-13T20:13:22.329828379-04:00","level":"INFO","msg":"filestream: sending request","total_files":1,"events_offset":8,"events_lines":2}
{"time":"2026-04-13T20:13:22.468220003-04:00","level":"INFO","msg":"filestream: request sent","status":"200 OK"}
{"time":"2026-04-13T20:13:37.330516269-04:00","level":"INFO","msg":"filestream: sending request","total_files":1,"events_offset":10,"events_lines":2}
{"time":"2026-04-13T20:13:37.476339528-04:00","level":"INFO","msg":"filestream: request sent","status":"200 OK"}
{"time":"2026-04-13T20:13:52.329752372-04:00","level":"INFO","msg":"filestream: sending request","total_files":1,"events_offset":12,"events_lines":2}
{"time":"2026-04-13T20:13:52.478076685-04:00","level":"INFO","msg":"filestream: request sent","status":"200 OK"}
{"time":"2026-04-13T20:14:07.32963846-04:00","level":"INFO","msg":"filestream: sending request","total_files":1,"events_offset":14,"events_lines":2}
{"time":"2026-04-13T20:14:07.483244663-04:00","level":"INFO","msg":"filestream: request sent","status":"200 OK"}
{"time":"2026-04-13T20:14:22.330290609-04:00","level":"INFO","msg":"filestream: sending request","total_files":1,"events_offset":16,"events_lines":2}
{"time":"2026-04-13T20:14:22.485167411-04:00","level":"INFO","msg":"filestream: request sent","status":"200 OK"}
{"time":"2026-04-13T20:14:37.329863065-04:00","level":"INFO","msg":"filestream: sending request","total_files":1,"events_offset":18,"events_lines":2}
{"time":"2026-04-13T20:14:37.509614608-04:00","level":"INFO","msg":"filestream: request sent","status":"200 OK"}
{"time":"2026-04-13T20:14:52.330243889-04:00","level":"INFO","msg":"filestream: sending request","total_files":1,"events_offset":20,"events_lines":2}
{"time":"2026-04-13T20:14:52.487144405-04:00","level":"INFO","msg":"filestream: request sent","status":"200 OK"}
{"time":"2026-04-13T20:15:07.330038443-04:00","level":"INFO","msg":"filestream: sending request","total_files":1,"events_offset":22,"events_lines":2}
{"time":"2026-04-13T20:15:07.498903574-04:00","level":"INFO","msg":"filestream: request sent","status":"200 OK"}
{"time":"2026-04-13T20:15:22.33062741-04:00","level":"INFO","msg":"filestream: sending request","total_files":1,"events_offset":24,"events_lines":2}
{"time":"2026-04-13T20:15:22.531779577-04:00","level":"INFO","msg":"filestream: request sent","status":"200 OK"}
{"time":"2026-04-13T20:15:37.330228394-04:00","level":"INFO","msg":"filestream: sending request","total_files":1,"events_offset":26,"events_lines":2}
{"time":"2026-04-13T20:15:37.554469912-04:00","level":"INFO","msg":"filestream: request sent","status":"200 OK"}
{"time":"2026-04-13T20:15:52.330585914-04:00","level":"INFO","msg":"filestream: sending request","total_files":1,"events_offset":28,"events_lines":2}
{"time":"2026-04-13T20:15:52.47523433-04:00","level":"INFO","msg":"filestream: request sent","status":"200 OK"}
{"time":"2026-04-13T20:16:07.330521954-04:00","level":"INFO","msg":"filestream: sending request","total_files":1,"events_offset":30,"events_lines":2}
{"time":"2026-04-13T20:16:07.496095565-04:00","level":"INFO","msg":"filestream: request sent","status":"200 OK"}
{"time":"2026-04-13T20:16:22.329988666-04:00","level":"INFO","msg":"filestream: sending request","total_files":1,"events_offset":32,"events_lines":2}
{"time":"2026-04-13T20:16:22.621467934-04:00","level":"INFO","msg":"filestream: request sent","status":"200 OK"}
{"time":"2026-04-13T20:16:37.32980628-04:00","level":"INFO","msg":"filestream: sending request","total_files":1,"events_offset":34,"events_lines":2}
{"time":"2026-04-13T20:16:37.467242105-04:00","level":"INFO","msg":"filestream: request sent","status":"200 OK"}
{"time":"2026-04-13T20:16:52.330026418-04:00","level":"INFO","msg":"filestream: sending request","total_files":1,"events_offset":36,"events_lines":2}
{"time":"2026-04-13T20:16:52.488681203-04:00","level":"INFO","msg":"filestream: request sent","status":"200 OK"}
{"time":"2026-04-13T20:17:07.330030616-04:00","level":"INFO","msg":"filestream: sending request","total_files":1,"events_offset":38,"events_lines":2}
{"time":"2026-04-13T20:17:07.480680008-04:00","level":"INFO","msg":"filestream: request sent","status":"200 OK"}
{"time":"2026-04-13T20:17:22.33044842-04:00","level":"INFO","msg":"filestream: sending request","total_files":1,"events_offset":40,"events_lines":2}
{"time":"2026-04-13T20:17:22.485292044-04:00","level":"INFO","msg":"filestream: request sent","status":"200 OK"}
{"time":"2026-04-13T20:17:37.330350565-04:00","level":"INFO","msg":"filestream: sending request","total_files":2,"events_offset":42,"events_lines":2,"console_offset":21,"console_lines":63}
{"time":"2026-04-13T20:17:38.170369779-04:00","level":"INFO","msg":"filestream: request sent","status":"200 OK"}
{"time":"2026-04-13T20:17:52.330455696-04:00","level":"INFO","msg":"filestream: sending request","total_files":1,"events_offset":44,"events_lines":2}
{"time":"2026-04-13T20:17:52.49931528-04:00","level":"INFO","msg":"filestream: request sent","status":"200 OK"}
{"time":"2026-04-13T20:18:07.330435555-04:00","level":"INFO","msg":"filestream: sending request","total_files":1,"events_offset":46,"events_lines":2}
{"time":"2026-04-13T20:18:07.492254991-04:00","level":"INFO","msg":"filestream: request sent","status":"200 OK"}
{"time":"2026-04-13T20:18:10.045539551-04:00","level":"INFO","msg":"stream: closing"}
{"time":"2026-04-13T20:18:10.360943337-04:00","level":"INFO","msg":"fileTransfer: Close: file transfer manager closed"}
{"time":"2026-04-13T20:18:10.361006197-04:00","level":"INFO","msg":"filestream: sending request","total_files":1,"uploaded_len":3,"complete":true,"exit_code":1}
{"time":"2026-04-13T20:18:10.54531808-04:00","level":"INFO","msg":"filestream: request sent","status":"200 OK"}
{"time":"2026-04-13T20:18:10.54541289-04:00","level":"INFO","msg":"handler: closed"}
{"time":"2026-04-13T20:18:10.546223947-04:00","level":"INFO","msg":"sender: closed"}
{"time":"2026-04-13T20:18:10.546230198-04:00","level":"INFO","msg":"stream: closed"}
