{"time":"2026-04-02T17:23:44.363711896-04:00","level":"INFO","msg":"wandb-core"}
{"time":"2026-04-02T17:23:44.368237368-04:00","level":"INFO","msg":"stream: starting","core version":"0.25.1"}
{"time":"2026-04-02T17:23:44.735325081-04:00","level":"INFO","msg":"stream: created new stream","id":"xfzoaxr1"}
{"time":"2026-04-02T17:23:44.73538886-04:00","level":"INFO","msg":"handler: started"}
{"time":"2026-04-02T17:23:44.736102904-04:00","level":"INFO","msg":"stream: started"}
{"time":"2026-04-02T17:23:44.73652546-04:00","level":"INFO","msg":"sender: started"}
{"time":"2026-04-02T17:23:44.736526218-04:00","level":"INFO","msg":"writer: started","stream_id":"xfzoaxr1"}
{"time":"2026-04-02T17:23:45.667477309-04:00","level":"INFO","msg":"filestream: sending request","total_files":1,"console_offset":0,"console_lines":1}
{"time":"2026-04-02T17:23:45.865943228-04:00","level":"INFO","msg":"filestream: request sent","status":"200 OK"}
{"time":"2026-04-02T17:24:00.667991192-04:00","level":"INFO","msg":"filestream: sending request","total_files":2,"events_offset":0,"events_lines":2,"console_offset":1,"console_lines":79,"uploaded_len":2}
{"time":"2026-04-02T17:24:01.018446159-04:00","level":"INFO","msg":"filestream: request sent","status":"200 OK"}
{"time":"2026-04-02T17:24:15.667603734-04:00","level":"INFO","msg":"filestream: sending request","total_files":2,"events_offset":2,"events_lines":2,"console_offset":79,"console_lines":1}
{"time":"2026-04-02T17:24:15.876884979-04:00","level":"INFO","msg":"filestream: request sent","status":"200 OK"}
{"time":"2026-04-02T17:24:30.668187914-04:00","level":"INFO","msg":"filestream: sending request","total_files":2,"events_offset":4,"events_lines":2,"console_offset":79,"console_lines":1}
{"time":"2026-04-02T17:24:30.88370211-04:00","level":"INFO","msg":"filestream: request sent","status":"200 OK"}
{"time":"2026-04-02T17:24:45.668072365-04:00","level":"INFO","msg":"filestream: sending request","total_files":2,"events_offset":6,"events_lines":2,"console_offset":79,"console_lines":1}
{"time":"2026-04-02T17:24:45.9253035-04:00","level":"INFO","msg":"filestream: request sent","status":"200 OK"}
{"time":"2026-04-02T17:25:00.667812471-04:00","level":"INFO","msg":"filestream: sending request","total_files":2,"events_offset":8,"events_lines":2,"console_offset":79,"console_lines":1}
{"time":"2026-04-02T17:25:01.038191721-04:00","level":"INFO","msg":"filestream: request sent","status":"200 OK"}
{"time":"2026-04-02T17:25:15.667571524-04:00","level":"INFO","msg":"filestream: sending request","total_files":2,"events_offset":10,"events_lines":2,"console_offset":79,"console_lines":1}
{"time":"2026-04-02T17:25:16.017418138-04:00","level":"INFO","msg":"filestream: request sent","status":"200 OK"}
{"time":"2026-04-02T17:25:30.668390319-04:00","level":"INFO","msg":"filestream: sending request","total_files":2,"events_offset":12,"events_lines":2,"console_offset":79,"console_lines":1}
{"time":"2026-04-02T17:25:30.983940826-04:00","level":"INFO","msg":"filestream: request sent","status":"200 OK"}
{"time":"2026-04-02T17:25:45.668164504-04:00","level":"INFO","msg":"filestream: sending request","total_files":2,"events_offset":14,"events_lines":2,"console_offset":79,"console_lines":1}
{"time":"2026-04-02T17:25:45.856811846-04:00","level":"INFO","msg":"stream: closing"}
{"time":"2026-04-02T17:25:45.984019151-04:00","level":"INFO","msg":"filestream: request sent","status":"200 OK"}
{"time":"2026-04-02T17:25:46.118718872-04:00","level":"INFO","msg":"fileTransfer: Close: file transfer manager closed"}
{"time":"2026-04-02T17:25:46.118837139-04:00","level":"INFO","msg":"filestream: sending request","total_files":2,"console_offset":79,"console_lines":14,"uploaded_len":3,"complete":true,"exit_code":255}
{"time":"2026-04-02T17:25:46.278025437-04:00","level":"INFO","msg":"filestream: request sent","status":"200 OK"}
{"time":"2026-04-02T17:25:46.278149575-04:00","level":"INFO","msg":"handler: closed"}
{"time":"2026-04-02T17:25:46.279179481-04:00","level":"INFO","msg":"sender: closed"}
{"time":"2026-04-02T17:25:46.279186766-04:00","level":"INFO","msg":"stream: closed"}
