{"time":"2026-04-10T14:58:23.139800739-04:00","level":"INFO","msg":"wandb-core"}
{"time":"2026-04-10T14:58:23.142796722-04:00","level":"INFO","msg":"stream: starting","core version":"0.25.1"}
{"time":"2026-04-10T14:58:23.388600381-04:00","level":"INFO","msg":"stream: created new stream","id":"nhlu9vyc"}
{"time":"2026-04-10T14:58:23.388628447-04:00","level":"INFO","msg":"handler: started"}
{"time":"2026-04-10T14:58:23.389399106-04:00","level":"INFO","msg":"stream: started"}
{"time":"2026-04-10T14:58:23.389416145-04:00","level":"INFO","msg":"sender: started"}
{"time":"2026-04-10T14:58:23.389414655-04:00","level":"INFO","msg":"writer: started","stream_id":"nhlu9vyc"}
{"time":"2026-04-10T14:58:24.077188083-04:00","level":"INFO","msg":"filestream: sending request","total_files":1,"console_offset":0,"console_lines":1}
{"time":"2026-04-10T14:58:24.317355383-04:00","level":"INFO","msg":"filestream: request sent","status":"200 OK"}
{"time":"2026-04-10T14:58:39.078196262-04:00","level":"INFO","msg":"filestream: sending request","total_files":2,"events_offset":0,"events_lines":2,"console_offset":1,"console_lines":80,"uploaded_len":2}
{"time":"2026-04-10T14:58:39.325204672-04:00","level":"INFO","msg":"filestream: request sent","status":"200 OK"}
{"time":"2026-04-10T14:58:54.077976352-04:00","level":"INFO","msg":"filestream: sending request","total_files":1,"events_offset":2,"events_lines":2}
{"time":"2026-04-10T14:58:54.357829367-04:00","level":"INFO","msg":"filestream: request sent","status":"200 OK"}
{"time":"2026-04-10T14:59:09.077638944-04:00","level":"INFO","msg":"filestream: sending request","total_files":1,"events_offset":4,"events_lines":2}
{"time":"2026-04-10T14:59:09.278219846-04:00","level":"INFO","msg":"filestream: request sent","status":"200 OK"}
{"time":"2026-04-10T14:59:24.07757653-04:00","level":"INFO","msg":"filestream: sending request","total_files":2,"events_offset":6,"events_lines":2,"console_offset":80,"console_lines":1}
{"time":"2026-04-10T14:59:24.422138561-04:00","level":"INFO","msg":"filestream: request sent","status":"200 OK"}
{"time":"2026-04-10T14:59:39.078062915-04:00","level":"INFO","msg":"filestream: sending request","total_files":1,"events_offset":8,"events_lines":2}
{"time":"2026-04-10T14:59:39.22414632-04:00","level":"INFO","msg":"filestream: request sent","status":"200 OK"}
{"time":"2026-04-10T14:59:54.077762807-04:00","level":"INFO","msg":"filestream: sending request","total_files":1,"events_offset":10,"events_lines":2}
{"time":"2026-04-10T14:59:54.276547324-04:00","level":"INFO","msg":"filestream: request sent","status":"200 OK"}
{"time":"2026-04-10T15:00:09.078013748-04:00","level":"INFO","msg":"filestream: sending request","total_files":2,"events_offset":12,"events_lines":2,"console_offset":80,"console_lines":1}
{"time":"2026-04-10T15:00:09.292531985-04:00","level":"INFO","msg":"filestream: request sent","status":"200 OK"}
{"time":"2026-04-10T15:00:24.07799921-04:00","level":"INFO","msg":"filestream: sending request","total_files":1,"events_offset":14,"events_lines":2}
{"time":"2026-04-10T15:00:24.264100403-04:00","level":"INFO","msg":"filestream: request sent","status":"200 OK"}
{"time":"2026-04-10T15:00:39.078144618-04:00","level":"INFO","msg":"filestream: sending request","total_files":2,"events_offset":16,"events_lines":2,"console_offset":80,"console_lines":1}
{"time":"2026-04-10T15:00:39.343989097-04:00","level":"INFO","msg":"filestream: request sent","status":"200 OK"}
{"time":"2026-04-10T15:00:54.077183283-04:00","level":"INFO","msg":"filestream: sending request","total_files":1,"events_offset":18,"events_lines":2}
{"time":"2026-04-10T15:00:54.522045035-04:00","level":"INFO","msg":"filestream: request sent","status":"200 OK"}
{"time":"2026-04-10T15:01:09.07742363-04:00","level":"INFO","msg":"filestream: sending request","total_files":1,"events_offset":20,"events_lines":2}
{"time":"2026-04-10T15:01:09.374380051-04:00","level":"INFO","msg":"filestream: request sent","status":"200 OK"}
{"time":"2026-04-10T15:01:24.077516747-04:00","level":"INFO","msg":"filestream: sending request","total_files":2,"events_offset":22,"events_lines":2,"console_offset":80,"console_lines":1}
{"time":"2026-04-10T15:01:24.291318435-04:00","level":"INFO","msg":"filestream: request sent","status":"200 OK"}
{"time":"2026-04-10T15:01:39.077456788-04:00","level":"INFO","msg":"filestream: sending request","total_files":1,"events_offset":24,"events_lines":2}
{"time":"2026-04-10T15:01:39.23515355-04:00","level":"INFO","msg":"filestream: request sent","status":"200 OK"}
{"time":"2026-04-10T15:01:54.077669502-04:00","level":"INFO","msg":"filestream: sending request","total_files":1,"events_offset":26,"events_lines":2}
{"time":"2026-04-10T15:01:54.324396108-04:00","level":"INFO","msg":"filestream: request sent","status":"200 OK"}
{"time":"2026-04-10T15:02:09.077811007-04:00","level":"INFO","msg":"filestream: sending request","total_files":2,"events_offset":28,"events_lines":2,"console_offset":80,"console_lines":1}
{"time":"2026-04-10T15:02:09.304061383-04:00","level":"INFO","msg":"filestream: request sent","status":"200 OK"}
{"time":"2026-04-10T15:02:24.077808994-04:00","level":"INFO","msg":"filestream: sending request","total_files":1,"events_offset":30,"events_lines":2}
{"time":"2026-04-10T15:02:24.265969267-04:00","level":"INFO","msg":"filestream: request sent","status":"200 OK"}
{"time":"2026-04-10T15:02:39.077824457-04:00","level":"INFO","msg":"filestream: sending request","total_files":1,"events_offset":32,"events_lines":2}
{"time":"2026-04-10T15:02:39.252365585-04:00","level":"INFO","msg":"filestream: request sent","status":"200 OK"}
{"time":"2026-04-10T15:02:54.078146971-04:00","level":"INFO","msg":"filestream: sending request","total_files":1,"events_offset":34,"events_lines":2}
{"time":"2026-04-10T15:02:54.411185974-04:00","level":"INFO","msg":"filestream: request sent","status":"200 OK"}
{"time":"2026-04-10T15:03:09.078208551-04:00","level":"INFO","msg":"filestream: sending request","total_files":1,"events_offset":36,"events_lines":2}
{"time":"2026-04-10T15:03:09.30107699-04:00","level":"INFO","msg":"filestream: request sent","status":"200 OK"}
{"time":"2026-04-10T15:03:24.077743014-04:00","level":"INFO","msg":"filestream: sending request","total_files":1,"events_offset":38,"events_lines":2}
{"time":"2026-04-10T15:03:24.418109365-04:00","level":"INFO","msg":"filestream: request sent","status":"200 OK"}
{"time":"2026-04-10T15:03:39.077471451-04:00","level":"INFO","msg":"filestream: sending request","total_files":1,"events_offset":40,"events_lines":2}
{"time":"2026-04-10T15:03:39.295634706-04:00","level":"INFO","msg":"filestream: request sent","status":"200 OK"}
{"time":"2026-04-10T15:03:54.077601333-04:00","level":"INFO","msg":"filestream: sending request","total_files":1,"events_offset":42,"events_lines":2}
{"time":"2026-04-10T15:03:54.424289004-04:00","level":"INFO","msg":"filestream: request sent","status":"200 OK"}
{"time":"2026-04-10T15:04:09.077533062-04:00","level":"INFO","msg":"filestream: sending request","total_files":1,"events_offset":44,"events_lines":2}
{"time":"2026-04-10T15:04:09.27843739-04:00","level":"INFO","msg":"filestream: request sent","status":"200 OK"}
{"time":"2026-04-10T15:04:24.077921021-04:00","level":"INFO","msg":"filestream: sending request","total_files":1,"events_offset":46,"events_lines":2}
{"time":"2026-04-10T15:04:24.290612025-04:00","level":"INFO","msg":"filestream: request sent","status":"200 OK"}
{"time":"2026-04-10T15:04:39.077762388-04:00","level":"INFO","msg":"filestream: sending request","total_files":1,"events_offset":48,"events_lines":2}
{"time":"2026-04-10T15:04:39.271648941-04:00","level":"INFO","msg":"filestream: request sent","status":"200 OK"}
{"time":"2026-04-10T15:04:54.077871088-04:00","level":"INFO","msg":"filestream: sending request","total_files":1,"events_offset":50,"events_lines":2}
{"time":"2026-04-10T15:04:54.320263572-04:00","level":"INFO","msg":"filestream: request sent","status":"200 OK"}
{"time":"2026-04-10T15:05:09.07727403-04:00","level":"INFO","msg":"filestream: sending request","total_files":2,"events_offset":52,"events_lines":2,"console_offset":80,"console_lines":1}
{"time":"2026-04-10T15:05:09.244171135-04:00","level":"INFO","msg":"filestream: request sent","status":"200 OK"}
{"time":"2026-04-10T15:05:24.078140374-04:00","level":"INFO","msg":"filestream: sending request","total_files":1,"events_offset":54,"events_lines":2}
{"time":"2026-04-10T15:05:24.354996557-04:00","level":"INFO","msg":"filestream: request sent","status":"200 OK"}
{"time":"2026-04-10T15:05:39.078036531-04:00","level":"INFO","msg":"filestream: sending request","total_files":1,"events_offset":56,"events_lines":2}
{"time":"2026-04-10T15:05:39.254702247-04:00","level":"INFO","msg":"filestream: request sent","status":"200 OK"}
{"time":"2026-04-10T15:05:54.077403459-04:00","level":"INFO","msg":"filestream: sending request","total_files":2,"events_offset":58,"events_lines":2,"console_offset":80,"console_lines":1}
{"time":"2026-04-10T15:05:54.397641905-04:00","level":"INFO","msg":"filestream: request sent","status":"200 OK"}
{"time":"2026-04-10T15:06:09.077408751-04:00","level":"INFO","msg":"filestream: sending request","total_files":1,"events_offset":60,"events_lines":2}
{"time":"2026-04-10T15:06:09.247488312-04:00","level":"INFO","msg":"filestream: request sent","status":"200 OK"}
{"time":"2026-04-10T15:06:24.07751448-04:00","level":"INFO","msg":"filestream: sending request","total_files":2,"events_offset":62,"events_lines":2,"console_offset":80,"console_lines":1}
{"time":"2026-04-10T15:06:24.230937662-04:00","level":"INFO","msg":"filestream: request sent","status":"200 OK"}
{"time":"2026-04-10T15:06:39.077443013-04:00","level":"INFO","msg":"filestream: sending request","total_files":1,"events_offset":64,"events_lines":2}
{"time":"2026-04-10T15:06:39.333572622-04:00","level":"INFO","msg":"filestream: request sent","status":"200 OK"}
{"time":"2026-04-10T15:06:54.077931792-04:00","level":"INFO","msg":"filestream: sending request","total_files":2,"events_offset":66,"events_lines":2,"console_offset":80,"console_lines":1}
{"time":"2026-04-10T15:06:54.258414252-04:00","level":"INFO","msg":"filestream: request sent","status":"200 OK"}
{"time":"2026-04-10T15:07:09.077873188-04:00","level":"INFO","msg":"filestream: sending request","total_files":2,"events_offset":68,"events_lines":2,"console_offset":80,"console_lines":1}
{"time":"2026-04-10T15:07:09.236567395-04:00","level":"INFO","msg":"filestream: request sent","status":"200 OK"}
{"time":"2026-04-10T15:07:24.077867945-04:00","level":"INFO","msg":"filestream: sending request","total_files":1,"events_offset":70,"events_lines":2}
{"time":"2026-04-10T15:07:24.251425341-04:00","level":"INFO","msg":"filestream: request sent","status":"200 OK"}
{"time":"2026-04-10T15:07:39.077799515-04:00","level":"INFO","msg":"filestream: sending request","total_files":1,"events_offset":72,"events_lines":2}
{"time":"2026-04-10T15:07:39.223805828-04:00","level":"INFO","msg":"filestream: request sent","status":"200 OK"}
{"time":"2026-04-10T15:07:54.078057966-04:00","level":"INFO","msg":"filestream: sending request","total_files":2,"events_offset":74,"events_lines":2,"console_offset":80,"console_lines":1}
{"time":"2026-04-10T15:07:54.261765803-04:00","level":"INFO","msg":"filestream: request sent","status":"200 OK"}
{"time":"2026-04-10T15:08:09.078027664-04:00","level":"INFO","msg":"filestream: sending request","total_files":2,"events_offset":76,"events_lines":2,"console_offset":80,"console_lines":1}
{"time":"2026-04-10T15:08:09.237140198-04:00","level":"INFO","msg":"filestream: request sent","status":"200 OK"}
{"time":"2026-04-10T15:08:24.078224063-04:00","level":"INFO","msg":"filestream: sending request","total_files":1,"events_offset":78,"events_lines":2}
{"time":"2026-04-10T15:08:24.232832487-04:00","level":"INFO","msg":"filestream: request sent","status":"200 OK"}
{"time":"2026-04-10T15:08:39.077216284-04:00","level":"INFO","msg":"filestream: sending request","total_files":1,"events_offset":80,"events_lines":2}
{"time":"2026-04-10T15:08:39.286732495-04:00","level":"INFO","msg":"filestream: request sent","status":"200 OK"}
{"time":"2026-04-10T15:08:54.077311934-04:00","level":"INFO","msg":"filestream: sending request","total_files":2,"events_offset":82,"events_lines":2,"console_offset":80,"console_lines":1}
{"time":"2026-04-10T15:08:54.217948259-04:00","level":"INFO","msg":"filestream: request sent","status":"200 OK"}
{"time":"2026-04-10T15:09:09.077333259-04:00","level":"INFO","msg":"filestream: sending request","total_files":2,"events_offset":84,"events_lines":2,"console_offset":80,"console_lines":1}
{"time":"2026-04-10T15:09:09.240531388-04:00","level":"INFO","msg":"filestream: request sent","status":"200 OK"}
{"time":"2026-04-10T15:09:24.077337542-04:00","level":"INFO","msg":"filestream: sending request","total_files":1,"events_offset":86,"events_lines":2}
{"time":"2026-04-10T15:09:24.305402345-04:00","level":"INFO","msg":"filestream: request sent","status":"200 OK"}
{"time":"2026-04-10T15:09:39.077367221-04:00","level":"INFO","msg":"filestream: sending request","total_files":1,"events_offset":88,"events_lines":2}
{"time":"2026-04-10T15:09:39.261345297-04:00","level":"INFO","msg":"filestream: request sent","status":"200 OK"}
{"time":"2026-04-10T15:09:41.995639797-04:00","level":"INFO","msg":"stream: closing"}
{"time":"2026-04-10T15:09:42.319339747-04:00","level":"INFO","msg":"fileTransfer: Close: file transfer manager closed"}
{"time":"2026-04-10T15:09:42.319516261-04:00","level":"INFO","msg":"filestream: sending request","total_files":2,"console_offset":80,"console_lines":71,"uploaded_len":3,"complete":true,"exit_code":255}
{"time":"2026-04-10T15:09:42.476966042-04:00","level":"INFO","msg":"filestream: request sent","status":"200 OK"}
{"time":"2026-04-10T15:09:42.477171104-04:00","level":"INFO","msg":"handler: closed"}
{"time":"2026-04-10T15:09:42.478430535-04:00","level":"INFO","msg":"sender: closed"}
{"time":"2026-04-10T15:09:42.478435905-04:00","level":"INFO","msg":"stream: closed"}
