{"time":"2026-04-07T09:30:20.839014254-04:00","level":"INFO","msg":"wandb-core"}
{"time":"2026-04-07T09:30:20.839728899-04:00","level":"INFO","msg":"stream: starting","core version":"0.25.1"}
{"time":"2026-04-07T09:30:21.085201067-04:00","level":"INFO","msg":"stream: created new stream","id":"4kc3lup0"}
{"time":"2026-04-07T09:30:21.085232573-04:00","level":"INFO","msg":"handler: started"}
{"time":"2026-04-07T09:30:21.085820166-04:00","level":"INFO","msg":"stream: started"}
{"time":"2026-04-07T09:30:21.085823995-04:00","level":"INFO","msg":"writer: started","stream_id":"4kc3lup0"}
{"time":"2026-04-07T09:30:21.085831569-04:00","level":"INFO","msg":"sender: started"}
{"time":"2026-04-07T09:30:21.7922418-04:00","level":"INFO","msg":"filestream: sending request","total_files":1,"console_offset":0,"console_lines":1}
{"time":"2026-04-07T09:30:22.006581534-04:00","level":"INFO","msg":"filestream: request sent","status":"200 OK"}
{"time":"2026-04-07T09:30:36.793344054-04:00","level":"INFO","msg":"filestream: sending request","total_files":2,"events_offset":0,"events_lines":2,"console_offset":1,"console_lines":79,"uploaded_len":2}
{"time":"2026-04-07T09:30:36.933707995-04:00","level":"INFO","msg":"filestream: request sent","status":"200 OK"}
{"time":"2026-04-07T09:30:51.793230549-04:00","level":"INFO","msg":"filestream: sending request","total_files":2,"events_offset":2,"events_lines":2,"console_offset":79,"console_lines":1}
{"time":"2026-04-07T09:30:52.21235159-04:00","level":"INFO","msg":"filestream: request sent","status":"200 OK"}
{"time":"2026-04-07T09:31:06.793240171-04:00","level":"INFO","msg":"filestream: sending request","total_files":2,"events_offset":4,"events_lines":2,"console_offset":79,"console_lines":1}
{"time":"2026-04-07T09:31:07.036724089-04:00","level":"INFO","msg":"filestream: request sent","status":"200 OK"}
{"time":"2026-04-07T09:31:21.792253251-04:00","level":"INFO","msg":"filestream: sending request","total_files":2,"events_offset":6,"events_lines":2,"console_offset":79,"console_lines":1}
{"time":"2026-04-07T09:31:22.193625615-04:00","level":"INFO","msg":"filestream: request sent","status":"200 OK"}
{"time":"2026-04-07T09:31:36.792381256-04:00","level":"INFO","msg":"filestream: sending request","total_files":2,"events_offset":8,"events_lines":2,"console_offset":79,"console_lines":1}
{"time":"2026-04-07T09:31:37.170430806-04:00","level":"INFO","msg":"filestream: request sent","status":"200 OK"}
{"time":"2026-04-07T09:31:51.792948779-04:00","level":"INFO","msg":"filestream: sending request","total_files":1,"events_offset":10,"events_lines":2}
{"time":"2026-04-07T09:31:52.127795558-04:00","level":"INFO","msg":"filestream: request sent","status":"200 OK"}
{"time":"2026-04-07T09:32:06.792679182-04:00","level":"INFO","msg":"filestream: sending request","total_files":2,"events_offset":12,"events_lines":2,"console_offset":79,"console_lines":1}
{"time":"2026-04-07T09:32:06.956666049-04:00","level":"INFO","msg":"filestream: request sent","status":"200 OK"}
{"time":"2026-04-07T09:32:21.792724803-04:00","level":"INFO","msg":"filestream: sending request","total_files":2,"events_offset":14,"events_lines":2,"console_offset":79,"console_lines":1}
{"time":"2026-04-07T09:32:21.919932669-04:00","level":"INFO","msg":"filestream: request sent","status":"200 OK"}
{"time":"2026-04-07T09:32:36.792862844-04:00","level":"INFO","msg":"filestream: sending request","total_files":2,"events_offset":16,"events_lines":2,"console_offset":79,"console_lines":1}
{"time":"2026-04-07T09:32:36.955725616-04:00","level":"INFO","msg":"filestream: request sent","status":"200 OK"}
{"time":"2026-04-07T09:32:51.7928695-04:00","level":"INFO","msg":"filestream: sending request","total_files":1,"events_offset":18,"events_lines":2}
{"time":"2026-04-07T09:32:51.940249935-04:00","level":"INFO","msg":"filestream: request sent","status":"200 OK"}
{"time":"2026-04-07T09:33:06.792949076-04:00","level":"INFO","msg":"filestream: sending request","total_files":1,"events_offset":20,"events_lines":2}
{"time":"2026-04-07T09:33:06.966149985-04:00","level":"INFO","msg":"filestream: request sent","status":"200 OK"}
{"time":"2026-04-07T09:33:11.275503521-04:00","level":"INFO","msg":"stream: closing"}
{"time":"2026-04-07T09:33:11.498575491-04:00","level":"INFO","msg":"fileTransfer: Close: file transfer manager closed"}
{"time":"2026-04-07T09:33:11.498664338-04:00","level":"INFO","msg":"filestream: sending request","total_files":2,"console_offset":79,"console_lines":14,"uploaded_len":3,"complete":true,"exit_code":255}
{"time":"2026-04-07T09:33:11.703231324-04:00","level":"INFO","msg":"filestream: request sent","status":"200 OK"}
{"time":"2026-04-07T09:33:11.703305834-04:00","level":"INFO","msg":"handler: closed"}
{"time":"2026-04-07T09:33:11.70419318-04:00","level":"INFO","msg":"sender: closed"}
{"time":"2026-04-07T09:33:11.704198497-04:00","level":"INFO","msg":"stream: closed"}
