{"time":"2026-04-13T20:04:40.919552712-04:00","level":"INFO","msg":"wandb-core"}
{"time":"2026-04-13T20:04:40.922780785-04:00","level":"INFO","msg":"stream: starting","core version":"0.25.1"}
{"time":"2026-04-13T20:04:41.178363231-04:00","level":"INFO","msg":"stream: created new stream","id":"9f4twln9"}
{"time":"2026-04-13T20:04:41.178400028-04:00","level":"INFO","msg":"handler: started"}
{"time":"2026-04-13T20:04:41.1792116-04:00","level":"INFO","msg":"stream: started"}
{"time":"2026-04-13T20:04:41.17922006-04:00","level":"INFO","msg":"writer: started","stream_id":"9f4twln9"}
{"time":"2026-04-13T20:04:41.179226772-04:00","level":"INFO","msg":"sender: started"}
{"time":"2026-04-13T20:04:41.875868092-04:00","level":"INFO","msg":"filestream: sending request","total_files":1,"console_offset":0,"console_lines":1}
{"time":"2026-04-13T20:04:42.039530994-04:00","level":"INFO","msg":"filestream: request sent","status":"200 OK"}
{"time":"2026-04-13T20:04:56.876836583-04:00","level":"INFO","msg":"filestream: sending request","total_files":2,"events_offset":0,"events_lines":2,"console_offset":1,"console_lines":19,"uploaded_len":2}
{"time":"2026-04-13T20:04:57.092588338-04:00","level":"INFO","msg":"filestream: request sent","status":"200 OK"}
{"time":"2026-04-13T20:05:11.875961129-04:00","level":"INFO","msg":"filestream: sending request","total_files":1,"events_offset":2,"events_lines":2}
{"time":"2026-04-13T20:05:12.330283222-04:00","level":"INFO","msg":"filestream: request sent","status":"200 OK"}
{"time":"2026-04-13T20:05:26.876016419-04:00","level":"INFO","msg":"filestream: sending request","total_files":2,"events_offset":4,"events_lines":2,"console_offset":20,"console_lines":2}
{"time":"2026-04-13T20:05:27.027774025-04:00","level":"INFO","msg":"filestream: request sent","status":"200 OK"}
{"time":"2026-04-13T20:05:41.876227266-04:00","level":"INFO","msg":"filestream: sending request","total_files":1,"events_offset":6,"events_lines":2}
{"time":"2026-04-13T20:05:42.061067931-04:00","level":"INFO","msg":"filestream: request sent","status":"200 OK"}
{"time":"2026-04-13T20:05:56.875885773-04:00","level":"INFO","msg":"filestream: sending request","total_files":1,"events_offset":8,"events_lines":2}
{"time":"2026-04-13T20:05:57.053854195-04:00","level":"INFO","msg":"filestream: request sent","status":"200 OK"}
{"time":"2026-04-13T20:06:11.876603191-04:00","level":"INFO","msg":"filestream: sending request","total_files":1,"events_offset":10,"events_lines":2}
{"time":"2026-04-13T20:06:12.033712103-04:00","level":"INFO","msg":"filestream: request sent","status":"200 OK"}
{"time":"2026-04-13T20:06:26.876578315-04:00","level":"INFO","msg":"filestream: sending request","total_files":1,"events_offset":12,"events_lines":2}
{"time":"2026-04-13T20:06:27.009228495-04:00","level":"INFO","msg":"filestream: request sent","status":"200 OK"}
{"time":"2026-04-13T20:06:41.876076351-04:00","level":"INFO","msg":"filestream: sending request","total_files":1,"events_offset":14,"events_lines":2}
{"time":"2026-04-13T20:06:42.088919918-04:00","level":"INFO","msg":"filestream: request sent","status":"200 OK"}
{"time":"2026-04-13T20:06:56.876535495-04:00","level":"INFO","msg":"filestream: sending request","total_files":1,"events_offset":16,"events_lines":2}
{"time":"2026-04-13T20:06:57.068119397-04:00","level":"INFO","msg":"filestream: request sent","status":"200 OK"}
{"time":"2026-04-13T20:07:11.876313822-04:00","level":"INFO","msg":"filestream: sending request","total_files":1,"events_offset":18,"events_lines":2}
{"time":"2026-04-13T20:07:12.055831413-04:00","level":"INFO","msg":"filestream: request sent","status":"200 OK"}
{"time":"2026-04-13T20:07:26.876008012-04:00","level":"INFO","msg":"filestream: sending request","total_files":1,"events_offset":20,"events_lines":2}
{"time":"2026-04-13T20:07:27.069344016-04:00","level":"INFO","msg":"filestream: request sent","status":"200 OK"}
{"time":"2026-04-13T20:07:41.876580313-04:00","level":"INFO","msg":"filestream: sending request","total_files":1,"events_offset":22,"events_lines":2}
{"time":"2026-04-13T20:07:42.052009217-04:00","level":"INFO","msg":"filestream: request sent","status":"200 OK"}
{"time":"2026-04-13T20:07:56.876895602-04:00","level":"INFO","msg":"filestream: sending request","total_files":1,"events_offset":24,"events_lines":2}
{"time":"2026-04-13T20:07:57.178514921-04:00","level":"INFO","msg":"filestream: request sent","status":"200 OK"}
{"time":"2026-04-13T20:08:11.875870756-04:00","level":"INFO","msg":"filestream: sending request","total_files":1,"events_offset":26,"events_lines":2}
{"time":"2026-04-13T20:08:12.071132837-04:00","level":"INFO","msg":"filestream: request sent","status":"200 OK"}
{"time":"2026-04-13T20:08:26.876473867-04:00","level":"INFO","msg":"filestream: sending request","total_files":1,"events_offset":28,"events_lines":2}
{"time":"2026-04-13T20:08:27.044553931-04:00","level":"INFO","msg":"filestream: request sent","status":"200 OK"}
{"time":"2026-04-13T20:08:41.876198395-04:00","level":"INFO","msg":"filestream: sending request","total_files":1,"events_offset":30,"events_lines":2}
{"time":"2026-04-13T20:08:42.167777509-04:00","level":"INFO","msg":"filestream: request sent","status":"200 OK"}
{"time":"2026-04-13T20:08:56.876404885-04:00","level":"INFO","msg":"filestream: sending request","total_files":1,"events_offset":32,"events_lines":2}
{"time":"2026-04-13T20:08:57.138473385-04:00","level":"INFO","msg":"filestream: request sent","status":"200 OK"}
{"time":"2026-04-13T20:09:11.876557972-04:00","level":"INFO","msg":"filestream: sending request","total_files":1,"events_offset":34,"events_lines":2}
{"time":"2026-04-13T20:09:12.03637948-04:00","level":"INFO","msg":"filestream: request sent","status":"200 OK"}
{"time":"2026-04-13T20:09:26.875896053-04:00","level":"INFO","msg":"filestream: sending request","total_files":1,"events_offset":36,"events_lines":2}
{"time":"2026-04-13T20:09:27.075756611-04:00","level":"INFO","msg":"filestream: request sent","status":"200 OK"}
