{"time":"2026-04-13T20:43:14.235403056-04:00","level":"INFO","msg":"wandb-core"}
{"time":"2026-04-13T20:43:14.236163545-04:00","level":"INFO","msg":"stream: starting","core version":"0.25.1"}
{"time":"2026-04-13T20:43:14.502463682-04:00","level":"INFO","msg":"stream: created new stream","id":"9vi66tza"}
{"time":"2026-04-13T20:43:14.502500517-04:00","level":"INFO","msg":"handler: started"}
{"time":"2026-04-13T20:43:14.503209327-04:00","level":"INFO","msg":"stream: started"}
{"time":"2026-04-13T20:43:14.503210998-04:00","level":"INFO","msg":"writer: started","stream_id":"9vi66tza"}
{"time":"2026-04-13T20:43:14.503221635-04:00","level":"INFO","msg":"sender: started"}
{"time":"2026-04-13T20:43:15.161517321-04:00","level":"INFO","msg":"filestream: sending request","total_files":1,"console_offset":0,"console_lines":1}
{"time":"2026-04-13T20:43:15.380223542-04:00","level":"INFO","msg":"filestream: request sent","status":"200 OK"}
{"time":"2026-04-13T20:43:30.162063373-04:00","level":"INFO","msg":"filestream: sending request","total_files":2,"events_offset":0,"events_lines":2,"console_offset":1,"console_lines":19,"uploaded_len":2}
{"time":"2026-04-13T20:43:30.496503289-04:00","level":"INFO","msg":"filestream: request sent","status":"200 OK"}
{"time":"2026-04-13T20:43:45.161674018-04:00","level":"INFO","msg":"filestream: sending request","total_files":1,"events_offset":2,"events_lines":2}
{"time":"2026-04-13T20:43:45.354737813-04:00","level":"INFO","msg":"filestream: request sent","status":"200 OK"}
{"time":"2026-04-13T20:44:00.162296697-04:00","level":"INFO","msg":"filestream: sending request","total_files":2,"events_offset":4,"events_lines":2,"console_offset":20,"console_lines":2}
{"time":"2026-04-13T20:44:00.48195219-04:00","level":"INFO","msg":"filestream: request sent","status":"200 OK"}
{"time":"2026-04-13T20:44:15.161969012-04:00","level":"INFO","msg":"filestream: sending request","total_files":1,"events_offset":6,"events_lines":2}
{"time":"2026-04-13T20:44:15.363972105-04:00","level":"INFO","msg":"filestream: request sent","status":"200 OK"}
{"time":"2026-04-13T20:44:30.162362009-04:00","level":"INFO","msg":"filestream: sending request","total_files":1,"events_offset":8,"events_lines":2}
{"time":"2026-04-13T20:44:30.373069266-04:00","level":"INFO","msg":"filestream: request sent","status":"200 OK"}
{"time":"2026-04-13T20:44:45.162243922-04:00","level":"INFO","msg":"filestream: sending request","total_files":1,"events_offset":10,"events_lines":2}
{"time":"2026-04-13T20:44:45.377197331-04:00","level":"INFO","msg":"filestream: request sent","status":"200 OK"}
{"time":"2026-04-13T20:45:00.162473859-04:00","level":"INFO","msg":"filestream: sending request","total_files":1,"events_offset":12,"events_lines":2}
{"time":"2026-04-13T20:45:00.442666758-04:00","level":"INFO","msg":"filestream: request sent","status":"200 OK"}
{"time":"2026-04-13T20:45:15.161517363-04:00","level":"INFO","msg":"filestream: sending request","total_files":1,"events_offset":14,"events_lines":2}
{"time":"2026-04-13T20:45:15.402950038-04:00","level":"INFO","msg":"filestream: request sent","status":"200 OK"}
{"time":"2026-04-13T20:45:30.162090171-04:00","level":"INFO","msg":"filestream: sending request","total_files":1,"events_offset":16,"events_lines":2}
{"time":"2026-04-13T20:45:30.412596856-04:00","level":"INFO","msg":"filestream: request sent","status":"200 OK"}
{"time":"2026-04-13T20:45:45.161835497-04:00","level":"INFO","msg":"filestream: sending request","total_files":1,"events_offset":18,"events_lines":2}
{"time":"2026-04-13T20:45:45.398251272-04:00","level":"INFO","msg":"filestream: request sent","status":"200 OK"}
{"time":"2026-04-13T20:46:00.161961111-04:00","level":"INFO","msg":"filestream: sending request","total_files":1,"events_offset":20,"events_lines":2}
{"time":"2026-04-13T20:46:00.416386702-04:00","level":"INFO","msg":"filestream: request sent","status":"200 OK"}
{"time":"2026-04-13T20:46:15.162177329-04:00","level":"INFO","msg":"filestream: sending request","total_files":1,"events_offset":22,"events_lines":2}
{"time":"2026-04-13T20:46:15.790239486-04:00","level":"INFO","msg":"filestream: request sent","status":"200 OK"}
{"time":"2026-04-13T20:46:30.16234198-04:00","level":"INFO","msg":"filestream: sending request","total_files":1,"events_offset":24,"events_lines":2}
{"time":"2026-04-13T20:46:30.481375175-04:00","level":"INFO","msg":"filestream: request sent","status":"200 OK"}
{"time":"2026-04-13T20:46:45.16242052-04:00","level":"INFO","msg":"filestream: sending request","total_files":1,"events_offset":26,"events_lines":2}
{"time":"2026-04-13T20:46:45.356351614-04:00","level":"INFO","msg":"filestream: request sent","status":"200 OK"}
{"time":"2026-04-13T20:47:00.162363318-04:00","level":"INFO","msg":"filestream: sending request","total_files":1,"events_offset":28,"events_lines":2}
{"time":"2026-04-13T20:47:00.439723854-04:00","level":"INFO","msg":"filestream: request sent","status":"200 OK"}
{"time":"2026-04-13T20:47:15.161717475-04:00","level":"INFO","msg":"filestream: sending request","total_files":1,"events_offset":30,"events_lines":2}
{"time":"2026-04-13T20:47:15.379894525-04:00","level":"INFO","msg":"filestream: request sent","status":"200 OK"}
{"time":"2026-04-13T20:47:30.161528887-04:00","level":"INFO","msg":"filestream: sending request","total_files":1,"events_offset":32,"events_lines":2}
{"time":"2026-04-13T20:47:30.397747938-04:00","level":"INFO","msg":"filestream: request sent","status":"200 OK"}
{"time":"2026-04-13T20:47:45.162005171-04:00","level":"INFO","msg":"filestream: sending request","total_files":2,"events_offset":34,"events_lines":2,"console_offset":21,"console_lines":1}
{"time":"2026-04-13T20:47:45.328967265-04:00","level":"INFO","msg":"filestream: request sent","status":"200 OK"}
{"time":"2026-04-13T20:48:00.161818136-04:00","level":"INFO","msg":"filestream: sending request","total_files":1,"events_offset":36,"events_lines":2}
{"time":"2026-04-13T20:48:00.6142205-04:00","level":"INFO","msg":"filestream: request sent","status":"200 OK"}
{"time":"2026-04-13T20:48:15.162267115-04:00","level":"INFO","msg":"filestream: sending request","total_files":1,"events_offset":38,"events_lines":2}
{"time":"2026-04-13T20:48:15.386941184-04:00","level":"INFO","msg":"filestream: request sent","status":"200 OK"}
{"time":"2026-04-13T20:48:30.162356431-04:00","level":"INFO","msg":"filestream: sending request","total_files":1,"events_offset":40,"events_lines":2}
{"time":"2026-04-13T20:48:30.34919908-04:00","level":"INFO","msg":"filestream: request sent","status":"200 OK"}
{"time":"2026-04-13T20:48:45.162492784-04:00","level":"INFO","msg":"filestream: sending request","total_files":2,"events_offset":42,"events_lines":2,"console_offset":21,"console_lines":1}
{"time":"2026-04-13T20:48:45.387055659-04:00","level":"INFO","msg":"filestream: request sent","status":"200 OK"}
{"time":"2026-04-13T20:49:00.162235179-04:00","level":"INFO","msg":"filestream: sending request","total_files":1,"events_offset":44,"events_lines":2}
{"time":"2026-04-13T20:49:00.478440689-04:00","level":"INFO","msg":"filestream: request sent","status":"200 OK"}
{"time":"2026-04-13T20:49:15.161722427-04:00","level":"INFO","msg":"filestream: sending request","total_files":1,"events_offset":46,"events_lines":2}
{"time":"2026-04-13T20:49:15.372302375-04:00","level":"INFO","msg":"filestream: request sent","status":"200 OK"}
{"time":"2026-04-13T20:49:30.162364045-04:00","level":"INFO","msg":"filestream: sending request","total_files":1,"events_offset":48,"events_lines":2}
{"time":"2026-04-13T20:49:30.468700356-04:00","level":"INFO","msg":"filestream: request sent","status":"200 OK"}
{"time":"2026-04-13T20:49:45.162012442-04:00","level":"INFO","msg":"filestream: sending request","total_files":2,"events_offset":50,"events_lines":2,"console_offset":21,"console_lines":1}
{"time":"2026-04-13T20:49:45.48540058-04:00","level":"INFO","msg":"filestream: request sent","status":"200 OK"}
{"time":"2026-04-13T20:50:00.161703789-04:00","level":"INFO","msg":"filestream: sending request","total_files":1,"events_offset":52,"events_lines":2}
{"time":"2026-04-13T20:50:00.490937687-04:00","level":"INFO","msg":"filestream: request sent","status":"200 OK"}
{"time":"2026-04-13T20:50:15.162252363-04:00","level":"INFO","msg":"filestream: sending request","total_files":1,"events_offset":54,"events_lines":2}
{"time":"2026-04-13T20:50:15.427311518-04:00","level":"INFO","msg":"filestream: request sent","status":"200 OK"}
{"time":"2026-04-13T20:50:30.162028022-04:00","level":"INFO","msg":"filestream: sending request","total_files":1,"events_offset":56,"events_lines":2}
{"time":"2026-04-13T20:50:30.50235377-04:00","level":"INFO","msg":"filestream: request sent","status":"200 OK"}
{"time":"2026-04-13T20:50:45.162448254-04:00","level":"INFO","msg":"filestream: sending request","total_files":1,"events_offset":58,"events_lines":2}
{"time":"2026-04-13T20:50:45.346455025-04:00","level":"INFO","msg":"filestream: request sent","status":"200 OK"}
{"time":"2026-04-13T20:51:00.161830348-04:00","level":"INFO","msg":"filestream: sending request","total_files":1,"events_offset":60,"events_lines":2}
{"time":"2026-04-13T20:51:00.452767556-04:00","level":"INFO","msg":"filestream: request sent","status":"200 OK"}
{"time":"2026-04-13T20:51:15.161645765-04:00","level":"INFO","msg":"filestream: sending request","total_files":1,"events_offset":62,"events_lines":2}
{"time":"2026-04-13T20:51:15.50653902-04:00","level":"INFO","msg":"filestream: request sent","status":"200 OK"}
{"time":"2026-04-13T20:51:30.162029219-04:00","level":"INFO","msg":"filestream: sending request","total_files":1,"events_offset":64,"events_lines":2}
{"time":"2026-04-13T20:51:30.467907818-04:00","level":"INFO","msg":"filestream: request sent","status":"200 OK"}
{"time":"2026-04-13T20:51:45.161975827-04:00","level":"INFO","msg":"filestream: sending request","total_files":1,"events_offset":66,"events_lines":2}
{"time":"2026-04-13T20:51:45.485976962-04:00","level":"INFO","msg":"filestream: request sent","status":"200 OK"}
{"time":"2026-04-13T20:52:00.161631971-04:00","level":"INFO","msg":"filestream: sending request","total_files":1,"events_offset":68,"events_lines":2}
{"time":"2026-04-13T20:52:00.449744879-04:00","level":"INFO","msg":"filestream: request sent","status":"200 OK"}
{"time":"2026-04-13T20:52:15.162265692-04:00","level":"INFO","msg":"filestream: sending request","total_files":1,"events_offset":70,"events_lines":2}
{"time":"2026-04-13T20:52:15.362816761-04:00","level":"INFO","msg":"filestream: request sent","status":"200 OK"}
{"time":"2026-04-13T20:52:30.161815852-04:00","level":"INFO","msg":"filestream: sending request","total_files":1,"events_offset":72,"events_lines":2}
{"time":"2026-04-13T20:52:30.396870451-04:00","level":"INFO","msg":"filestream: request sent","status":"200 OK"}
{"time":"2026-04-13T20:52:45.162548637-04:00","level":"INFO","msg":"filestream: sending request","total_files":2,"events_offset":74,"events_lines":2,"console_offset":21,"console_lines":1}
{"time":"2026-04-13T20:52:45.469594845-04:00","level":"INFO","msg":"filestream: request sent","status":"200 OK"}
{"time":"2026-04-13T20:53:00.161940141-04:00","level":"INFO","msg":"filestream: sending request","total_files":1,"events_offset":76,"events_lines":2}
{"time":"2026-04-13T20:53:00.446781767-04:00","level":"INFO","msg":"filestream: request sent","status":"200 OK"}
{"time":"2026-04-13T20:53:15.161641774-04:00","level":"INFO","msg":"filestream: sending request","total_files":1,"events_offset":78,"events_lines":2}
{"time":"2026-04-13T20:53:15.609634131-04:00","level":"INFO","msg":"filestream: request sent","status":"200 OK"}
{"time":"2026-04-13T20:53:30.162071282-04:00","level":"INFO","msg":"filestream: sending request","total_files":1,"events_offset":80,"events_lines":2}
{"time":"2026-04-13T20:53:30.48018863-04:00","level":"INFO","msg":"filestream: request sent","status":"200 OK"}
{"time":"2026-04-13T20:53:45.161914465-04:00","level":"INFO","msg":"filestream: sending request","total_files":2,"events_offset":82,"events_lines":2,"console_offset":21,"console_lines":1}
{"time":"2026-04-13T20:53:45.522056092-04:00","level":"INFO","msg":"filestream: request sent","status":"200 OK"}
{"time":"2026-04-13T20:54:00.162228003-04:00","level":"INFO","msg":"filestream: sending request","total_files":1,"events_offset":84,"events_lines":2}
{"time":"2026-04-13T20:54:00.391017653-04:00","level":"INFO","msg":"filestream: request sent","status":"200 OK"}
{"time":"2026-04-13T20:54:15.162296012-04:00","level":"INFO","msg":"filestream: sending request","total_files":1,"events_offset":86,"events_lines":2}
{"time":"2026-04-13T20:54:15.536341024-04:00","level":"INFO","msg":"filestream: request sent","status":"200 OK"}
{"time":"2026-04-13T20:54:30.162208396-04:00","level":"INFO","msg":"filestream: sending request","total_files":1,"events_offset":88,"events_lines":2}
{"time":"2026-04-13T20:54:30.673634093-04:00","level":"INFO","msg":"filestream: request sent","status":"200 OK"}
{"time":"2026-04-13T20:54:45.162293288-04:00","level":"INFO","msg":"filestream: sending request","total_files":1,"events_offset":90,"events_lines":2}
{"time":"2026-04-13T20:54:45.502148493-04:00","level":"INFO","msg":"filestream: request sent","status":"200 OK"}
{"time":"2026-04-13T20:55:00.16229679-04:00","level":"INFO","msg":"filestream: sending request","total_files":1,"events_offset":92,"events_lines":2}
{"time":"2026-04-13T20:55:00.457290662-04:00","level":"INFO","msg":"filestream: request sent","status":"200 OK"}
{"time":"2026-04-13T20:55:15.161695068-04:00","level":"INFO","msg":"filestream: sending request","total_files":1,"events_offset":94,"events_lines":2}
{"time":"2026-04-13T20:55:15.437710809-04:00","level":"INFO","msg":"filestream: request sent","status":"200 OK"}
{"time":"2026-04-13T20:55:30.162470883-04:00","level":"INFO","msg":"filestream: sending request","total_files":1,"events_offset":96,"events_lines":2}
{"time":"2026-04-13T20:55:30.402853358-04:00","level":"INFO","msg":"filestream: request sent","status":"200 OK"}
{"time":"2026-04-13T20:55:45.16152553-04:00","level":"INFO","msg":"filestream: sending request","total_files":1,"events_offset":98,"events_lines":2}
{"time":"2026-04-13T20:55:45.321391524-04:00","level":"INFO","msg":"filestream: request sent","status":"200 OK"}
{"time":"2026-04-13T20:56:00.161583839-04:00","level":"INFO","msg":"filestream: sending request","total_files":1,"events_offset":100,"events_lines":2}
{"time":"2026-04-13T20:56:00.405807121-04:00","level":"INFO","msg":"filestream: request sent","status":"200 OK"}
{"time":"2026-04-13T20:56:15.161815047-04:00","level":"INFO","msg":"filestream: sending request","total_files":1,"events_offset":102,"events_lines":2}
{"time":"2026-04-13T20:56:15.44164139-04:00","level":"INFO","msg":"filestream: request sent","status":"200 OK"}
{"time":"2026-04-13T20:56:30.161798202-04:00","level":"INFO","msg":"filestream: sending request","total_files":1,"events_offset":104,"events_lines":2}
{"time":"2026-04-13T20:56:30.474322517-04:00","level":"INFO","msg":"filestream: request sent","status":"200 OK"}
{"time":"2026-04-13T20:56:45.162180877-04:00","level":"INFO","msg":"filestream: sending request","total_files":1,"events_offset":106,"events_lines":2}
{"time":"2026-04-13T20:56:45.374693565-04:00","level":"INFO","msg":"filestream: request sent","status":"200 OK"}
{"time":"2026-04-13T20:57:00.161943534-04:00","level":"INFO","msg":"filestream: sending request","total_files":1,"events_offset":108,"events_lines":2}
{"time":"2026-04-13T20:57:00.447913695-04:00","level":"INFO","msg":"filestream: request sent","status":"200 OK"}
{"time":"2026-04-13T20:57:15.162004567-04:00","level":"INFO","msg":"filestream: sending request","total_files":1,"events_offset":110,"events_lines":2}
{"time":"2026-04-13T20:57:15.396779389-04:00","level":"INFO","msg":"filestream: request sent","status":"200 OK"}
{"time":"2026-04-13T20:57:30.162139079-04:00","level":"INFO","msg":"filestream: sending request","total_files":1,"events_offset":112,"events_lines":2}
{"time":"2026-04-13T20:57:30.394983748-04:00","level":"INFO","msg":"filestream: request sent","status":"200 OK"}
