{"time":"2026-04-13T19:32:13.247235459-04:00","level":"INFO","msg":"wandb-core"}
{"time":"2026-04-13T19:32:13.250967157-04:00","level":"INFO","msg":"stream: starting","core version":"0.25.1"}
{"time":"2026-04-13T19:32:13.509004819-04:00","level":"INFO","msg":"stream: created new stream","id":"z8kfm71l"}
{"time":"2026-04-13T19:32:13.509043907-04:00","level":"INFO","msg":"handler: started"}
{"time":"2026-04-13T19:32:13.509665807-04:00","level":"INFO","msg":"stream: started"}
{"time":"2026-04-13T19:32:13.509682461-04:00","level":"INFO","msg":"sender: started"}
{"time":"2026-04-13T19:32:13.509683792-04:00","level":"INFO","msg":"writer: started","stream_id":"z8kfm71l"}
{"time":"2026-04-13T19:32:14.234894839-04:00","level":"INFO","msg":"filestream: sending request","total_files":1,"console_offset":0,"console_lines":1}
{"time":"2026-04-13T19:32:14.561723223-04:00","level":"INFO","msg":"filestream: request sent","status":"200 OK"}
{"time":"2026-04-13T19:32:29.235549771-04:00","level":"INFO","msg":"filestream: sending request","total_files":2,"events_offset":0,"events_lines":2,"console_offset":1,"console_lines":20,"uploaded_len":2}
{"time":"2026-04-13T19:32:29.424194661-04:00","level":"INFO","msg":"filestream: request sent","status":"200 OK"}
{"time":"2026-04-13T19:32:44.235850398-04:00","level":"INFO","msg":"filestream: sending request","total_files":1,"events_offset":2,"events_lines":2}
{"time":"2026-04-13T19:32:44.406779299-04:00","level":"INFO","msg":"filestream: request sent","status":"200 OK"}
{"time":"2026-04-13T19:32:59.235070285-04:00","level":"INFO","msg":"filestream: sending request","total_files":2,"events_offset":4,"events_lines":2,"console_offset":21,"console_lines":2}
{"time":"2026-04-13T19:32:59.405892497-04:00","level":"INFO","msg":"filestream: request sent","status":"200 OK"}
{"time":"2026-04-13T19:33:14.235436364-04:00","level":"INFO","msg":"filestream: sending request","total_files":1,"events_offset":6,"events_lines":2}
{"time":"2026-04-13T19:33:14.434824183-04:00","level":"INFO","msg":"filestream: request sent","status":"200 OK"}
{"time":"2026-04-13T19:33:29.234885242-04:00","level":"INFO","msg":"filestream: sending request","total_files":1,"events_offset":8,"events_lines":2}
{"time":"2026-04-13T19:33:29.40593212-04:00","level":"INFO","msg":"filestream: request sent","status":"200 OK"}
{"time":"2026-04-13T19:33:44.235658108-04:00","level":"INFO","msg":"filestream: sending request","total_files":1,"events_offset":10,"events_lines":2}
{"time":"2026-04-13T19:33:44.378305199-04:00","level":"INFO","msg":"filestream: request sent","status":"200 OK"}
{"time":"2026-04-13T19:33:59.235176882-04:00","level":"INFO","msg":"filestream: sending request","total_files":1,"events_offset":12,"events_lines":2}
{"time":"2026-04-13T19:33:59.460194759-04:00","level":"INFO","msg":"filestream: request sent","status":"200 OK"}
{"time":"2026-04-13T19:34:14.235914086-04:00","level":"INFO","msg":"filestream: sending request","total_files":1,"events_offset":14,"events_lines":2}
{"time":"2026-04-13T19:34:14.396047398-04:00","level":"INFO","msg":"filestream: request sent","status":"200 OK"}
{"time":"2026-04-13T19:34:29.235429369-04:00","level":"INFO","msg":"filestream: sending request","total_files":1,"events_offset":16,"events_lines":2}
{"time":"2026-04-13T19:34:29.440729541-04:00","level":"INFO","msg":"filestream: request sent","status":"200 OK"}
{"time":"2026-04-13T19:34:44.235236558-04:00","level":"INFO","msg":"filestream: sending request","total_files":1,"events_offset":18,"events_lines":2}
{"time":"2026-04-13T19:34:44.393293381-04:00","level":"INFO","msg":"filestream: request sent","status":"200 OK"}
{"time":"2026-04-13T19:34:59.235709216-04:00","level":"INFO","msg":"filestream: sending request","total_files":1,"events_offset":20,"events_lines":2}
{"time":"2026-04-13T19:34:59.422981717-04:00","level":"INFO","msg":"filestream: request sent","status":"200 OK"}
{"time":"2026-04-13T19:35:14.235541331-04:00","level":"INFO","msg":"filestream: sending request","total_files":1,"events_offset":22,"events_lines":2}
{"time":"2026-04-13T19:35:14.421746511-04:00","level":"INFO","msg":"filestream: request sent","status":"200 OK"}
{"time":"2026-04-13T19:35:29.235798085-04:00","level":"INFO","msg":"filestream: sending request","total_files":1,"events_offset":24,"events_lines":2}
{"time":"2026-04-13T19:35:29.460208823-04:00","level":"INFO","msg":"filestream: request sent","status":"200 OK"}
{"time":"2026-04-13T19:35:44.235865217-04:00","level":"INFO","msg":"filestream: sending request","total_files":1,"events_offset":26,"events_lines":2}
{"time":"2026-04-13T19:35:44.375039577-04:00","level":"INFO","msg":"filestream: request sent","status":"200 OK"}
{"time":"2026-04-13T19:35:59.235069466-04:00","level":"INFO","msg":"filestream: sending request","total_files":1,"events_offset":28,"events_lines":2}
{"time":"2026-04-13T19:35:59.418892318-04:00","level":"INFO","msg":"filestream: request sent","status":"200 OK"}
{"time":"2026-04-13T19:36:14.235155124-04:00","level":"INFO","msg":"filestream: sending request","total_files":1,"events_offset":30,"events_lines":2}
{"time":"2026-04-13T19:36:14.384078149-04:00","level":"INFO","msg":"filestream: request sent","status":"200 OK"}
{"time":"2026-04-13T19:36:29.235232255-04:00","level":"INFO","msg":"filestream: sending request","total_files":1,"events_offset":32,"events_lines":2}
{"time":"2026-04-13T19:36:29.434132907-04:00","level":"INFO","msg":"filestream: request sent","status":"200 OK"}
{"time":"2026-04-13T19:36:44.235462721-04:00","level":"INFO","msg":"filestream: sending request","total_files":1,"events_offset":34,"events_lines":2}
{"time":"2026-04-13T19:36:44.390263968-04:00","level":"INFO","msg":"filestream: request sent","status":"200 OK"}
{"time":"2026-04-13T19:36:59.235547964-04:00","level":"INFO","msg":"filestream: sending request","total_files":1,"events_offset":36,"events_lines":2}
{"time":"2026-04-13T19:36:59.375540593-04:00","level":"INFO","msg":"filestream: request sent","status":"200 OK"}
{"time":"2026-04-13T19:37:14.235856697-04:00","level":"INFO","msg":"filestream: sending request","total_files":1,"events_offset":38,"events_lines":2}
{"time":"2026-04-13T19:37:14.361374222-04:00","level":"INFO","msg":"filestream: request sent","status":"200 OK"}
{"time":"2026-04-13T19:37:29.235772028-04:00","level":"INFO","msg":"filestream: sending request","total_files":1,"events_offset":40,"events_lines":2}
{"time":"2026-04-13T19:37:29.38262209-04:00","level":"INFO","msg":"filestream: request sent","status":"200 OK"}
{"time":"2026-04-13T19:37:44.235188852-04:00","level":"INFO","msg":"filestream: sending request","total_files":1,"events_offset":42,"events_lines":2}
{"time":"2026-04-13T19:37:44.37756672-04:00","level":"INFO","msg":"filestream: request sent","status":"200 OK"}
{"time":"2026-04-13T19:37:59.235107587-04:00","level":"INFO","msg":"filestream: sending request","total_files":1,"events_offset":44,"events_lines":2}
{"time":"2026-04-13T19:37:59.428087695-04:00","level":"INFO","msg":"filestream: request sent","status":"200 OK"}
{"time":"2026-04-13T19:38:14.235561867-04:00","level":"INFO","msg":"filestream: sending request","total_files":1,"events_offset":46,"events_lines":2}
{"time":"2026-04-13T19:38:14.406564644-04:00","level":"INFO","msg":"filestream: request sent","status":"200 OK"}
{"time":"2026-04-13T19:38:29.23543704-04:00","level":"INFO","msg":"filestream: sending request","total_files":1,"events_offset":48,"events_lines":2}
{"time":"2026-04-13T19:38:29.427497877-04:00","level":"INFO","msg":"filestream: request sent","status":"200 OK"}
{"time":"2026-04-13T19:38:44.235925165-04:00","level":"INFO","msg":"filestream: sending request","total_files":1,"events_offset":50,"events_lines":2}
{"time":"2026-04-13T19:38:44.49713542-04:00","level":"INFO","msg":"filestream: request sent","status":"200 OK"}
{"time":"2026-04-13T19:38:59.235659003-04:00","level":"INFO","msg":"filestream: sending request","total_files":1,"events_offset":52,"events_lines":2}
{"time":"2026-04-13T19:38:59.453365169-04:00","level":"INFO","msg":"filestream: request sent","status":"200 OK"}
{"time":"2026-04-13T19:39:14.23522821-04:00","level":"INFO","msg":"filestream: sending request","total_files":1,"events_offset":54,"events_lines":2}
{"time":"2026-04-13T19:39:14.489586424-04:00","level":"INFO","msg":"filestream: request sent","status":"200 OK"}
{"time":"2026-04-13T19:39:29.235777961-04:00","level":"INFO","msg":"filestream: sending request","total_files":1,"events_offset":56,"events_lines":2}
{"time":"2026-04-13T19:39:29.471971566-04:00","level":"INFO","msg":"filestream: request sent","status":"200 OK"}
{"time":"2026-04-13T19:39:44.235514645-04:00","level":"INFO","msg":"filestream: sending request","total_files":2,"events_offset":58,"events_lines":2,"console_offset":22,"console_lines":8}
{"time":"2026-04-13T19:39:44.402687532-04:00","level":"INFO","msg":"filestream: request sent","status":"200 OK"}
{"time":"2026-04-13T19:39:59.235872732-04:00","level":"INFO","msg":"filestream: sending request","total_files":1,"events_offset":60,"events_lines":2}
{"time":"2026-04-13T19:39:59.570318949-04:00","level":"INFO","msg":"filestream: request sent","status":"200 OK"}
{"time":"2026-04-13T19:40:12.436965036-04:00","level":"INFO","msg":"stream: closing"}
{"time":"2026-04-13T19:40:12.738190097-04:00","level":"INFO","msg":"fileTransfer: Close: file transfer manager closed"}
{"time":"2026-04-13T19:40:12.738286548-04:00","level":"INFO","msg":"filestream: sending request","total_files":1,"uploaded_len":3,"complete":true,"exit_code":1}
{"time":"2026-04-13T19:40:12.889814385-04:00","level":"INFO","msg":"filestream: request sent","status":"200 OK"}
{"time":"2026-04-13T19:40:12.889990073-04:00","level":"INFO","msg":"handler: closed"}
{"time":"2026-04-13T19:40:12.890698527-04:00","level":"INFO","msg":"sender: closed"}
{"time":"2026-04-13T19:40:12.890703178-04:00","level":"INFO","msg":"stream: closed"}
