{"time":"2026-04-10T11:57:25.144495169-04:00","level":"INFO","msg":"wandb-core"}
{"time":"2026-04-10T11:57:25.145202201-04:00","level":"INFO","msg":"stream: starting","core version":"0.25.1"}
{"time":"2026-04-10T11:57:25.386606339-04:00","level":"INFO","msg":"stream: created new stream","id":"fqdohvvg"}
{"time":"2026-04-10T11:57:25.386654635-04:00","level":"INFO","msg":"handler: started"}
{"time":"2026-04-10T11:57:25.387917983-04:00","level":"INFO","msg":"stream: started"}
{"time":"2026-04-10T11:57:25.387930931-04:00","level":"INFO","msg":"sender: started"}
{"time":"2026-04-10T11:57:25.387929223-04:00","level":"INFO","msg":"writer: started","stream_id":"fqdohvvg"}
{"time":"2026-04-10T11:57:26.079505652-04:00","level":"INFO","msg":"filestream: sending request","total_files":1,"console_offset":0,"console_lines":1}
{"time":"2026-04-10T11:57:26.310292789-04:00","level":"INFO","msg":"filestream: request sent","status":"200 OK"}
{"time":"2026-04-10T11:57:41.080395015-04:00","level":"INFO","msg":"filestream: sending request","total_files":2,"events_offset":0,"events_lines":2,"console_offset":1,"console_lines":10,"uploaded_len":2}
{"time":"2026-04-10T11:57:41.356868938-04:00","level":"INFO","msg":"filestream: request sent","status":"200 OK"}
{"time":"2026-04-10T11:57:56.08018192-04:00","level":"INFO","msg":"filestream: sending request","total_files":2,"events_offset":2,"events_lines":2,"console_offset":11,"console_lines":69}
{"time":"2026-04-10T11:57:56.245717544-04:00","level":"INFO","msg":"filestream: request sent","status":"200 OK"}
{"time":"2026-04-10T11:58:11.079611158-04:00","level":"INFO","msg":"filestream: sending request","total_files":1,"events_offset":4,"events_lines":2}
{"time":"2026-04-10T11:58:11.293083764-04:00","level":"INFO","msg":"filestream: request sent","status":"200 OK"}
{"time":"2026-04-10T11:58:26.079910095-04:00","level":"INFO","msg":"filestream: sending request","total_files":1,"events_offset":6,"events_lines":2}
{"time":"2026-04-10T11:58:26.231760068-04:00","level":"INFO","msg":"filestream: request sent","status":"200 OK"}
{"time":"2026-04-10T11:58:41.080085408-04:00","level":"INFO","msg":"filestream: sending request","total_files":2,"events_offset":8,"events_lines":2,"console_offset":79,"console_lines":1}
{"time":"2026-04-10T11:58:41.288838471-04:00","level":"INFO","msg":"filestream: request sent","status":"200 OK"}
{"time":"2026-04-10T11:58:56.080136816-04:00","level":"INFO","msg":"filestream: sending request","total_files":1,"events_offset":10,"events_lines":2}
{"time":"2026-04-10T11:58:56.293378115-04:00","level":"INFO","msg":"filestream: request sent","status":"200 OK"}
{"time":"2026-04-10T11:59:11.080122641-04:00","level":"INFO","msg":"filestream: sending request","total_files":1,"events_offset":12,"events_lines":2}
{"time":"2026-04-10T11:59:11.290338763-04:00","level":"INFO","msg":"filestream: request sent","status":"200 OK"}
{"time":"2026-04-10T11:59:26.079621708-04:00","level":"INFO","msg":"filestream: sending request","total_files":1,"events_offset":14,"events_lines":2}
{"time":"2026-04-10T11:59:26.73359726-04:00","level":"INFO","msg":"filestream: request sent","status":"200 OK"}
{"time":"2026-04-10T11:59:41.079856122-04:00","level":"INFO","msg":"filestream: sending request","total_files":1,"events_offset":16,"events_lines":2}
{"time":"2026-04-10T11:59:41.341274803-04:00","level":"INFO","msg":"filestream: request sent","status":"200 OK"}
{"time":"2026-04-10T11:59:56.079931544-04:00","level":"INFO","msg":"filestream: sending request","total_files":1,"events_offset":18,"events_lines":2}
{"time":"2026-04-10T11:59:56.453303981-04:00","level":"INFO","msg":"filestream: request sent","status":"200 OK"}
{"time":"2026-04-10T12:00:11.080231805-04:00","level":"INFO","msg":"filestream: sending request","total_files":1,"events_offset":20,"events_lines":2}
{"time":"2026-04-10T12:00:11.311082068-04:00","level":"INFO","msg":"filestream: request sent","status":"200 OK"}
{"time":"2026-04-10T12:00:26.080291986-04:00","level":"INFO","msg":"filestream: sending request","total_files":1,"events_offset":22,"events_lines":2}
{"time":"2026-04-10T12:00:26.241480321-04:00","level":"INFO","msg":"filestream: request sent","status":"200 OK"}
{"time":"2026-04-10T12:00:41.079898125-04:00","level":"INFO","msg":"filestream: sending request","total_files":1,"events_offset":24,"events_lines":2}
{"time":"2026-04-10T12:00:41.296590967-04:00","level":"INFO","msg":"filestream: request sent","status":"200 OK"}
{"time":"2026-04-10T12:00:56.079598669-04:00","level":"INFO","msg":"filestream: sending request","total_files":1,"events_offset":26,"events_lines":2}
{"time":"2026-04-10T12:00:56.525708826-04:00","level":"INFO","msg":"filestream: request sent","status":"200 OK"}
{"time":"2026-04-10T12:01:11.080234381-04:00","level":"INFO","msg":"filestream: sending request","total_files":1,"events_offset":28,"events_lines":2}
{"time":"2026-04-10T12:01:11.273909769-04:00","level":"INFO","msg":"filestream: request sent","status":"200 OK"}
{"time":"2026-04-10T12:01:26.079915183-04:00","level":"INFO","msg":"filestream: sending request","total_files":1,"events_offset":30,"events_lines":2}
{"time":"2026-04-10T12:01:26.37740956-04:00","level":"INFO","msg":"filestream: request sent","status":"200 OK"}
{"time":"2026-04-10T12:01:41.080354649-04:00","level":"INFO","msg":"filestream: sending request","total_files":1,"events_offset":32,"events_lines":2}
{"time":"2026-04-10T12:01:41.240257734-04:00","level":"INFO","msg":"filestream: request sent","status":"200 OK"}
{"time":"2026-04-10T12:01:56.08035474-04:00","level":"INFO","msg":"filestream: sending request","total_files":1,"events_offset":34,"events_lines":2}
{"time":"2026-04-10T12:01:56.223351414-04:00","level":"INFO","msg":"filestream: request sent","status":"200 OK"}
{"time":"2026-04-10T12:02:11.07985494-04:00","level":"INFO","msg":"filestream: sending request","total_files":1,"events_offset":36,"events_lines":2}
{"time":"2026-04-10T12:02:11.232033519-04:00","level":"INFO","msg":"filestream: request sent","status":"200 OK"}
{"time":"2026-04-10T12:02:26.080232849-04:00","level":"INFO","msg":"filestream: sending request","total_files":1,"events_offset":38,"events_lines":2}
{"time":"2026-04-10T12:02:27.167489809-04:00","level":"INFO","msg":"filestream: request sent","status":"200 OK"}
{"time":"2026-04-10T12:02:41.080369989-04:00","level":"INFO","msg":"filestream: sending request","total_files":1,"events_offset":40,"events_lines":2}
{"time":"2026-04-10T12:02:41.421583133-04:00","level":"INFO","msg":"filestream: request sent","status":"200 OK"}
{"time":"2026-04-10T12:02:56.07949624-04:00","level":"INFO","msg":"filestream: sending request","total_files":1,"events_offset":42,"events_lines":2}
{"time":"2026-04-10T12:02:56.414167092-04:00","level":"INFO","msg":"filestream: request sent","status":"200 OK"}
{"time":"2026-04-10T12:03:11.079792314-04:00","level":"INFO","msg":"filestream: sending request","total_files":1,"events_offset":44,"events_lines":2}
{"time":"2026-04-10T12:03:11.307292731-04:00","level":"INFO","msg":"filestream: request sent","status":"200 OK"}
{"time":"2026-04-10T12:03:26.079783971-04:00","level":"INFO","msg":"filestream: sending request","total_files":1,"events_offset":46,"events_lines":2}
{"time":"2026-04-10T12:03:26.310355614-04:00","level":"INFO","msg":"filestream: request sent","status":"200 OK"}
{"time":"2026-04-10T12:03:41.080533158-04:00","level":"INFO","msg":"filestream: sending request","total_files":1,"events_offset":48,"events_lines":2}
{"time":"2026-04-10T12:03:41.248763347-04:00","level":"INFO","msg":"filestream: request sent","status":"200 OK"}
{"time":"2026-04-10T12:03:56.080009402-04:00","level":"INFO","msg":"filestream: sending request","total_files":1,"events_offset":50,"events_lines":2}
{"time":"2026-04-10T12:03:56.978940673-04:00","level":"INFO","msg":"filestream: request sent","status":"200 OK"}
{"time":"2026-04-10T12:04:11.07988422-04:00","level":"INFO","msg":"filestream: sending request","total_files":1,"events_offset":52,"events_lines":2}
{"time":"2026-04-10T12:04:11.274348868-04:00","level":"INFO","msg":"filestream: request sent","status":"200 OK"}
{"time":"2026-04-10T12:04:26.080242419-04:00","level":"INFO","msg":"filestream: sending request","total_files":1,"events_offset":54,"events_lines":2}
{"time":"2026-04-10T12:04:26.461126102-04:00","level":"INFO","msg":"filestream: request sent","status":"200 OK"}
{"time":"2026-04-10T12:04:41.080234943-04:00","level":"INFO","msg":"filestream: sending request","total_files":1,"events_offset":56,"events_lines":2}
{"time":"2026-04-10T12:04:41.283282457-04:00","level":"INFO","msg":"filestream: request sent","status":"200 OK"}
{"time":"2026-04-10T12:04:56.080249184-04:00","level":"INFO","msg":"filestream: sending request","total_files":1,"events_offset":58,"events_lines":2}
{"time":"2026-04-10T12:04:56.328373299-04:00","level":"INFO","msg":"filestream: request sent","status":"200 OK"}
{"time":"2026-04-10T12:05:11.079863643-04:00","level":"INFO","msg":"filestream: sending request","total_files":1,"events_offset":60,"events_lines":2}
{"time":"2026-04-10T12:05:11.277360872-04:00","level":"INFO","msg":"filestream: request sent","status":"200 OK"}
{"time":"2026-04-10T12:05:26.079850072-04:00","level":"INFO","msg":"filestream: sending request","total_files":1,"events_offset":62,"events_lines":2}
{"time":"2026-04-10T12:05:26.300625124-04:00","level":"INFO","msg":"filestream: request sent","status":"200 OK"}
{"time":"2026-04-10T12:05:41.080296524-04:00","level":"INFO","msg":"filestream: sending request","total_files":1,"events_offset":64,"events_lines":2}
{"time":"2026-04-10T12:05:41.25113891-04:00","level":"INFO","msg":"filestream: request sent","status":"200 OK"}
{"time":"2026-04-10T12:05:52.502215697-04:00","level":"INFO","msg":"stream: closing"}
{"time":"2026-04-10T12:05:52.843315955-04:00","level":"INFO","msg":"fileTransfer: Close: file transfer manager closed"}
{"time":"2026-04-10T12:05:52.843490533-04:00","level":"INFO","msg":"filestream: sending request","total_files":2,"console_offset":79,"console_lines":72,"uploaded_len":3,"complete":true,"exit_code":255}
{"time":"2026-04-10T12:05:53.1018042-04:00","level":"INFO","msg":"filestream: request sent","status":"200 OK"}
{"time":"2026-04-10T12:05:53.101894794-04:00","level":"INFO","msg":"handler: closed"}
{"time":"2026-04-10T12:05:53.112275337-04:00","level":"INFO","msg":"sender: closed"}
{"time":"2026-04-10T12:05:53.112280266-04:00","level":"INFO","msg":"stream: closed"}
