{"time":"2026-04-10T12:31:03.00311443-04:00","level":"INFO","msg":"wandb-core"}
{"time":"2026-04-10T12:31:03.011613075-04:00","level":"INFO","msg":"stream: starting","core version":"0.25.1"}
{"time":"2026-04-10T12:31:03.36795936-04:00","level":"INFO","msg":"stream: created new stream","id":"jblikkkv"}
{"time":"2026-04-10T12:31:03.36801688-04:00","level":"INFO","msg":"handler: started"}
{"time":"2026-04-10T12:31:03.368623735-04:00","level":"INFO","msg":"stream: started"}
{"time":"2026-04-10T12:31:03.368645155-04:00","level":"INFO","msg":"writer: started","stream_id":"jblikkkv"}
{"time":"2026-04-10T12:31:03.368665845-04:00","level":"INFO","msg":"sender: started"}
{"time":"2026-04-10T12:31:04.281120331-04:00","level":"INFO","msg":"filestream: sending request","total_files":1,"console_offset":0,"console_lines":1}
{"time":"2026-04-10T12:31:04.599425967-04:00","level":"INFO","msg":"filestream: request sent","status":"200 OK"}
{"time":"2026-04-10T12:31:19.28216978-04:00","level":"INFO","msg":"filestream: sending request","total_files":2,"events_offset":0,"events_lines":1,"console_offset":1,"console_lines":42,"uploaded_len":2}
{"time":"2026-04-10T12:31:19.466159347-04:00","level":"INFO","msg":"filestream: request sent","status":"200 OK"}
{"time":"2026-04-10T12:31:34.281626897-04:00","level":"INFO","msg":"filestream: sending request","total_files":2,"events_offset":1,"events_lines":1,"console_offset":43,"console_lines":19}
{"time":"2026-04-10T12:31:34.469490573-04:00","level":"INFO","msg":"filestream: request sent","status":"200 OK"}
{"time":"2026-04-10T12:31:49.28193918-04:00","level":"INFO","msg":"filestream: sending request","total_files":2,"events_offset":2,"events_lines":1,"console_offset":62,"console_lines":20}
{"time":"2026-04-10T12:31:49.525496348-04:00","level":"INFO","msg":"filestream: request sent","status":"200 OK"}
{"time":"2026-04-10T12:32:04.281504892-04:00","level":"INFO","msg":"filestream: sending request","total_files":1,"events_offset":3,"events_lines":1}
{"time":"2026-04-10T12:32:04.542806841-04:00","level":"INFO","msg":"filestream: request sent","status":"200 OK"}
{"time":"2026-04-10T12:32:19.281851587-04:00","level":"INFO","msg":"filestream: sending request","total_files":1,"events_offset":4,"events_lines":1}
{"time":"2026-04-10T12:32:19.495412271-04:00","level":"INFO","msg":"filestream: request sent","status":"200 OK"}
{"time":"2026-04-10T12:32:34.281691348-04:00","level":"INFO","msg":"filestream: sending request","total_files":1,"events_offset":5,"events_lines":1}
{"time":"2026-04-10T12:32:34.461591515-04:00","level":"INFO","msg":"filestream: request sent","status":"200 OK"}
{"time":"2026-04-10T12:34:00.387723159-04:00","level":"INFO","msg":"filestream: sending request","total_files":0}
{"time":"2026-04-10T12:34:00.666682173-04:00","level":"INFO","msg":"filestream: request sent","status":"200 OK"}
{"time":"2026-04-10T12:34:00.667240007-04:00","level":"INFO","msg":"filestream: sending request","total_files":1,"events_offset":6,"events_lines":1}
