{"time":"2026-04-06T20:13:18.206961114-04:00","level":"INFO","msg":"wandb-core"}
{"time":"2026-04-06T20:13:18.210542849-04:00","level":"INFO","msg":"stream: starting","core version":"0.25.1"}
{"time":"2026-04-06T20:13:18.462404495-04:00","level":"INFO","msg":"stream: created new stream","id":"qa9ax60r"}
{"time":"2026-04-06T20:13:18.462475997-04:00","level":"INFO","msg":"handler: started"}
{"time":"2026-04-06T20:13:18.463119517-04:00","level":"INFO","msg":"stream: started"}
{"time":"2026-04-06T20:13:18.463136641-04:00","level":"INFO","msg":"sender: started"}
{"time":"2026-04-06T20:13:18.463134038-04:00","level":"INFO","msg":"writer: started","stream_id":"qa9ax60r"}
{"time":"2026-04-06T20:13:19.141375213-04:00","level":"INFO","msg":"filestream: sending request","total_files":1,"console_offset":0,"console_lines":1}
{"time":"2026-04-06T20:13:19.31541261-04:00","level":"INFO","msg":"filestream: request sent","status":"200 OK"}
{"time":"2026-04-06T20:13:34.142543283-04:00","level":"INFO","msg":"filestream: sending request","total_files":2,"events_offset":0,"events_lines":2,"console_offset":1,"console_lines":76,"uploaded_len":2}
{"time":"2026-04-06T20:13:34.27976144-04:00","level":"INFO","msg":"filestream: request sent","status":"200 OK"}
{"time":"2026-04-06T20:13:49.141814011-04:00","level":"INFO","msg":"filestream: sending request","total_files":2,"events_offset":2,"events_lines":2,"console_offset":77,"console_lines":3}
{"time":"2026-04-06T20:13:49.283836203-04:00","level":"INFO","msg":"filestream: request sent","status":"200 OK"}
{"time":"2026-04-06T20:14:04.142202562-04:00","level":"INFO","msg":"filestream: sending request","total_files":1,"events_offset":4,"events_lines":2}
{"time":"2026-04-06T20:14:04.272430673-04:00","level":"INFO","msg":"filestream: request sent","status":"200 OK"}
{"time":"2026-04-06T20:14:19.142049465-04:00","level":"INFO","msg":"filestream: sending request","total_files":2,"events_offset":6,"events_lines":2,"console_offset":79,"console_lines":1}
{"time":"2026-04-06T20:14:19.290633942-04:00","level":"INFO","msg":"filestream: request sent","status":"200 OK"}
{"time":"2026-04-06T20:14:34.141784836-04:00","level":"INFO","msg":"filestream: sending request","total_files":1,"events_offset":8,"events_lines":2}
{"time":"2026-04-06T20:14:34.287452707-04:00","level":"INFO","msg":"filestream: request sent","status":"200 OK"}
{"time":"2026-04-06T20:14:49.142423012-04:00","level":"INFO","msg":"filestream: sending request","total_files":2,"events_offset":10,"events_lines":2,"console_offset":79,"console_lines":1}
{"time":"2026-04-06T20:14:49.312729204-04:00","level":"INFO","msg":"filestream: request sent","status":"200 OK"}
{"time":"2026-04-06T20:15:04.141766197-04:00","level":"INFO","msg":"filestream: sending request","total_files":2,"events_offset":12,"events_lines":2,"console_offset":79,"console_lines":1}
{"time":"2026-04-06T20:15:04.281582748-04:00","level":"INFO","msg":"filestream: request sent","status":"200 OK"}
{"time":"2026-04-06T20:15:19.141612465-04:00","level":"INFO","msg":"filestream: sending request","total_files":2,"events_offset":14,"events_lines":2,"console_offset":79,"console_lines":1}
{"time":"2026-04-06T20:15:19.284806417-04:00","level":"INFO","msg":"filestream: request sent","status":"200 OK"}
{"time":"2026-04-06T20:15:34.142053799-04:00","level":"INFO","msg":"filestream: sending request","total_files":2,"events_offset":16,"events_lines":2,"console_offset":79,"console_lines":1}
{"time":"2026-04-06T20:15:34.305416013-04:00","level":"INFO","msg":"filestream: request sent","status":"200 OK"}
{"time":"2026-04-06T20:15:49.141915339-04:00","level":"INFO","msg":"filestream: sending request","total_files":1,"events_offset":18,"events_lines":2}
{"time":"2026-04-06T20:15:49.273834671-04:00","level":"INFO","msg":"filestream: request sent","status":"200 OK"}
{"time":"2026-04-06T20:16:04.142230175-04:00","level":"INFO","msg":"filestream: sending request","total_files":2,"events_offset":20,"events_lines":2,"console_offset":79,"console_lines":1}
{"time":"2026-04-06T20:16:04.264012368-04:00","level":"INFO","msg":"filestream: request sent","status":"200 OK"}
{"time":"2026-04-06T20:16:19.142300557-04:00","level":"INFO","msg":"filestream: sending request","total_files":1,"events_offset":22,"events_lines":2}
{"time":"2026-04-06T20:16:19.292734257-04:00","level":"INFO","msg":"filestream: request sent","status":"200 OK"}
{"time":"2026-04-06T20:16:34.142265113-04:00","level":"INFO","msg":"filestream: sending request","total_files":1,"events_offset":24,"events_lines":2}
{"time":"2026-04-06T20:16:34.300252792-04:00","level":"INFO","msg":"filestream: request sent","status":"200 OK"}
{"time":"2026-04-06T20:16:49.141704808-04:00","level":"INFO","msg":"filestream: sending request","total_files":2,"events_offset":26,"events_lines":2,"console_offset":79,"console_lines":1}
{"time":"2026-04-06T20:16:49.292179945-04:00","level":"INFO","msg":"filestream: request sent","status":"200 OK"}
{"time":"2026-04-06T20:17:04.141736727-04:00","level":"INFO","msg":"filestream: sending request","total_files":2,"events_offset":28,"events_lines":2,"console_offset":79,"console_lines":1}
{"time":"2026-04-06T20:17:04.268255773-04:00","level":"INFO","msg":"filestream: request sent","status":"200 OK"}
{"time":"2026-04-06T20:17:19.142142838-04:00","level":"INFO","msg":"filestream: sending request","total_files":2,"events_offset":30,"events_lines":2,"console_offset":79,"console_lines":1}
{"time":"2026-04-06T20:17:19.275956612-04:00","level":"INFO","msg":"filestream: request sent","status":"200 OK"}
{"time":"2026-04-06T20:17:34.142412005-04:00","level":"INFO","msg":"filestream: sending request","total_files":1,"events_offset":32,"events_lines":2}
{"time":"2026-04-06T20:17:34.303637555-04:00","level":"INFO","msg":"filestream: request sent","status":"200 OK"}
{"time":"2026-04-06T20:17:49.141410298-04:00","level":"INFO","msg":"filestream: sending request","total_files":2,"events_offset":34,"events_lines":2,"console_offset":79,"console_lines":1}
{"time":"2026-04-06T20:17:49.32388416-04:00","level":"INFO","msg":"filestream: request sent","status":"200 OK"}
{"time":"2026-04-06T20:18:04.141856579-04:00","level":"INFO","msg":"filestream: sending request","total_files":2,"events_offset":36,"events_lines":2,"console_offset":79,"console_lines":1}
{"time":"2026-04-06T20:18:04.316575457-04:00","level":"INFO","msg":"filestream: request sent","status":"200 OK"}
{"time":"2026-04-06T20:18:19.141905937-04:00","level":"INFO","msg":"filestream: sending request","total_files":2,"events_offset":38,"events_lines":2,"console_offset":79,"console_lines":1}
{"time":"2026-04-06T20:18:19.321203896-04:00","level":"INFO","msg":"filestream: request sent","status":"200 OK"}
{"time":"2026-04-06T20:18:34.141982423-04:00","level":"INFO","msg":"filestream: sending request","total_files":1,"events_offset":40,"events_lines":2}
{"time":"2026-04-06T20:18:34.27880407-04:00","level":"INFO","msg":"filestream: request sent","status":"200 OK"}
{"time":"2026-04-06T20:18:49.142303145-04:00","level":"INFO","msg":"filestream: sending request","total_files":2,"events_offset":42,"events_lines":2,"console_offset":79,"console_lines":1}
{"time":"2026-04-06T20:18:49.272468674-04:00","level":"INFO","msg":"filestream: request sent","status":"200 OK"}
{"time":"2026-04-06T20:19:04.141656776-04:00","level":"INFO","msg":"filestream: sending request","total_files":2,"events_offset":44,"events_lines":2,"console_offset":79,"console_lines":1}
{"time":"2026-04-06T20:19:04.791668464-04:00","level":"INFO","msg":"filestream: request sent","status":"200 OK"}
{"time":"2026-04-06T20:19:19.142288337-04:00","level":"INFO","msg":"filestream: sending request","total_files":2,"events_offset":46,"events_lines":2,"console_offset":79,"console_lines":1}
{"time":"2026-04-06T20:19:19.280195866-04:00","level":"INFO","msg":"filestream: request sent","status":"200 OK"}
{"time":"2026-04-06T20:19:34.141537252-04:00","level":"INFO","msg":"filestream: sending request","total_files":1,"events_offset":48,"events_lines":2}
{"time":"2026-04-06T20:19:34.31746092-04:00","level":"INFO","msg":"filestream: request sent","status":"200 OK"}
{"time":"2026-04-06T20:19:49.141813805-04:00","level":"INFO","msg":"filestream: sending request","total_files":1,"events_offset":50,"events_lines":2}
{"time":"2026-04-06T20:19:49.289410263-04:00","level":"INFO","msg":"filestream: request sent","status":"200 OK"}
{"time":"2026-04-06T20:20:04.14190306-04:00","level":"INFO","msg":"filestream: sending request","total_files":2,"events_offset":52,"events_lines":2,"console_offset":79,"console_lines":1}
{"time":"2026-04-06T20:20:04.260307688-04:00","level":"INFO","msg":"filestream: request sent","status":"200 OK"}
{"time":"2026-04-06T20:20:19.142210336-04:00","level":"INFO","msg":"filestream: sending request","total_files":2,"events_offset":54,"events_lines":2,"console_offset":79,"console_lines":1}
{"time":"2026-04-06T20:20:19.267229447-04:00","level":"INFO","msg":"filestream: request sent","status":"200 OK"}
{"time":"2026-04-06T20:20:34.142281916-04:00","level":"INFO","msg":"filestream: sending request","total_files":2,"events_offset":56,"events_lines":2,"console_offset":79,"console_lines":1}
{"time":"2026-04-06T20:20:34.285818091-04:00","level":"INFO","msg":"filestream: request sent","status":"200 OK"}
{"time":"2026-04-06T20:20:49.141821148-04:00","level":"INFO","msg":"filestream: sending request","total_files":2,"events_offset":58,"events_lines":2,"console_offset":79,"console_lines":1}
{"time":"2026-04-06T20:20:49.250114765-04:00","level":"INFO","msg":"filestream: request sent","status":"200 OK"}
{"time":"2026-04-06T20:21:04.142245671-04:00","level":"INFO","msg":"filestream: sending request","total_files":1,"events_offset":60,"events_lines":2}
{"time":"2026-04-06T20:21:04.289628206-04:00","level":"INFO","msg":"filestream: request sent","status":"200 OK"}
{"time":"2026-04-06T20:21:19.141421861-04:00","level":"INFO","msg":"filestream: sending request","total_files":2,"events_offset":62,"events_lines":2,"console_offset":79,"console_lines":1}
{"time":"2026-04-06T20:21:19.296588151-04:00","level":"INFO","msg":"filestream: request sent","status":"200 OK"}
{"time":"2026-04-06T20:21:34.142097047-04:00","level":"INFO","msg":"filestream: sending request","total_files":2,"events_offset":64,"events_lines":2,"console_offset":79,"console_lines":1}
{"time":"2026-04-06T20:21:34.280243572-04:00","level":"INFO","msg":"filestream: request sent","status":"200 OK"}
{"time":"2026-04-06T20:21:49.141526466-04:00","level":"INFO","msg":"filestream: sending request","total_files":1,"events_offset":66,"events_lines":2}
{"time":"2026-04-06T20:21:49.271717897-04:00","level":"INFO","msg":"filestream: request sent","status":"200 OK"}
{"time":"2026-04-06T20:22:04.141993076-04:00","level":"INFO","msg":"filestream: sending request","total_files":2,"events_offset":68,"events_lines":2,"console_offset":79,"console_lines":1}
{"time":"2026-04-06T20:22:04.276268394-04:00","level":"INFO","msg":"filestream: request sent","status":"200 OK"}
{"time":"2026-04-06T20:22:19.141456407-04:00","level":"INFO","msg":"filestream: sending request","total_files":2,"events_offset":70,"events_lines":2,"console_offset":79,"console_lines":1}
{"time":"2026-04-06T20:22:19.294587702-04:00","level":"INFO","msg":"filestream: request sent","status":"200 OK"}
{"time":"2026-04-06T20:22:34.141405711-04:00","level":"INFO","msg":"filestream: sending request","total_files":1,"events_offset":72,"events_lines":2}
{"time":"2026-04-06T20:22:34.267059555-04:00","level":"INFO","msg":"filestream: request sent","status":"200 OK"}
{"time":"2026-04-06T20:22:49.142398436-04:00","level":"INFO","msg":"filestream: sending request","total_files":2,"events_offset":74,"events_lines":2,"console_offset":79,"console_lines":1}
{"time":"2026-04-06T20:22:49.315790848-04:00","level":"INFO","msg":"filestream: request sent","status":"200 OK"}
{"time":"2026-04-06T20:23:04.141971667-04:00","level":"INFO","msg":"filestream: sending request","total_files":2,"events_offset":76,"events_lines":2,"console_offset":79,"console_lines":1}
{"time":"2026-04-06T20:23:04.307309085-04:00","level":"INFO","msg":"filestream: request sent","status":"200 OK"}
{"time":"2026-04-06T20:23:19.142021243-04:00","level":"INFO","msg":"filestream: sending request","total_files":1,"events_offset":78,"events_lines":2}
{"time":"2026-04-06T20:23:19.318732618-04:00","level":"INFO","msg":"filestream: request sent","status":"200 OK"}
{"time":"2026-04-06T20:23:34.14193799-04:00","level":"INFO","msg":"filestream: sending request","total_files":2,"events_offset":80,"events_lines":2,"console_offset":79,"console_lines":1}
{"time":"2026-04-06T20:23:34.351932441-04:00","level":"INFO","msg":"filestream: request sent","status":"200 OK"}
{"time":"2026-04-06T20:23:49.141420691-04:00","level":"INFO","msg":"filestream: sending request","total_files":2,"events_offset":82,"events_lines":2,"console_offset":79,"console_lines":1}
{"time":"2026-04-06T20:23:49.302363206-04:00","level":"INFO","msg":"filestream: request sent","status":"200 OK"}
{"time":"2026-04-06T20:24:04.141565221-04:00","level":"INFO","msg":"filestream: sending request","total_files":1,"events_offset":84,"events_lines":2}
{"time":"2026-04-06T20:24:04.305767306-04:00","level":"INFO","msg":"filestream: request sent","status":"200 OK"}
{"time":"2026-04-06T20:24:19.142208137-04:00","level":"INFO","msg":"filestream: sending request","total_files":2,"events_offset":86,"events_lines":2,"console_offset":79,"console_lines":1}
{"time":"2026-04-06T20:24:19.303725003-04:00","level":"INFO","msg":"filestream: request sent","status":"200 OK"}
{"time":"2026-04-06T20:24:34.141932743-04:00","level":"INFO","msg":"filestream: sending request","total_files":2,"events_offset":88,"events_lines":2,"console_offset":79,"console_lines":2}
{"time":"2026-04-06T20:24:34.303162648-04:00","level":"INFO","msg":"filestream: request sent","status":"200 OK"}
{"time":"2026-04-06T20:24:49.14167096-04:00","level":"INFO","msg":"filestream: sending request","total_files":2,"events_offset":90,"events_lines":2,"console_offset":80,"console_lines":1}
{"time":"2026-04-06T20:24:49.306626617-04:00","level":"INFO","msg":"filestream: request sent","status":"200 OK"}
{"time":"2026-04-06T20:25:04.142440994-04:00","level":"INFO","msg":"filestream: sending request","total_files":2,"events_offset":92,"events_lines":2,"console_offset":80,"console_lines":1}
{"time":"2026-04-06T20:25:04.289599865-04:00","level":"INFO","msg":"filestream: request sent","status":"200 OK"}
{"time":"2026-04-06T20:25:19.142405691-04:00","level":"INFO","msg":"filestream: sending request","total_files":1,"events_offset":94,"events_lines":2}
{"time":"2026-04-06T20:25:19.275145018-04:00","level":"INFO","msg":"filestream: request sent","status":"200 OK"}
{"time":"2026-04-06T20:25:34.142183369-04:00","level":"INFO","msg":"filestream: sending request","total_files":1,"events_offset":96,"events_lines":2}
{"time":"2026-04-06T20:25:34.29439437-04:00","level":"INFO","msg":"filestream: request sent","status":"200 OK"}
{"time":"2026-04-06T20:25:49.14139454-04:00","level":"INFO","msg":"filestream: sending request","total_files":2,"events_offset":98,"events_lines":2,"console_offset":80,"console_lines":1}
{"time":"2026-04-06T20:25:49.267368977-04:00","level":"INFO","msg":"filestream: request sent","status":"200 OK"}
{"time":"2026-04-06T20:26:04.141867379-04:00","level":"INFO","msg":"filestream: sending request","total_files":2,"events_offset":100,"events_lines":2,"console_offset":80,"console_lines":1}
{"time":"2026-04-06T20:26:04.292527241-04:00","level":"INFO","msg":"filestream: request sent","status":"200 OK"}
{"time":"2026-04-06T20:26:19.141880297-04:00","level":"INFO","msg":"filestream: sending request","total_files":2,"events_offset":102,"events_lines":2,"console_offset":80,"console_lines":1}
{"time":"2026-04-06T20:26:19.279098221-04:00","level":"INFO","msg":"filestream: request sent","status":"200 OK"}
{"time":"2026-04-06T20:26:34.141994147-04:00","level":"INFO","msg":"filestream: sending request","total_files":1,"events_offset":104,"events_lines":2}
{"time":"2026-04-06T20:26:34.28168637-04:00","level":"INFO","msg":"filestream: request sent","status":"200 OK"}
{"time":"2026-04-06T20:26:49.141651207-04:00","level":"INFO","msg":"filestream: sending request","total_files":2,"events_offset":106,"events_lines":2,"console_offset":80,"console_lines":1}
{"time":"2026-04-06T20:26:49.28559663-04:00","level":"INFO","msg":"filestream: request sent","status":"200 OK"}
{"time":"2026-04-06T20:27:04.142135558-04:00","level":"INFO","msg":"filestream: sending request","total_files":2,"events_offset":108,"events_lines":2,"console_offset":80,"console_lines":1}
{"time":"2026-04-06T20:27:04.292791559-04:00","level":"INFO","msg":"filestream: request sent","status":"200 OK"}
{"time":"2026-04-06T20:27:19.141375529-04:00","level":"INFO","msg":"filestream: sending request","total_files":1,"events_offset":110,"events_lines":2}
{"time":"2026-04-06T20:27:19.279076969-04:00","level":"INFO","msg":"filestream: request sent","status":"200 OK"}
{"time":"2026-04-06T20:27:34.142139738-04:00","level":"INFO","msg":"filestream: sending request","total_files":2,"events_offset":112,"events_lines":2,"console_offset":80,"console_lines":1}
{"time":"2026-04-06T20:27:34.264075577-04:00","level":"INFO","msg":"filestream: request sent","status":"200 OK"}
{"time":"2026-04-06T20:27:49.141966366-04:00","level":"INFO","msg":"filestream: sending request","total_files":2,"events_offset":114,"events_lines":2,"console_offset":80,"console_lines":1}
{"time":"2026-04-06T20:27:49.296788322-04:00","level":"INFO","msg":"filestream: request sent","status":"200 OK"}
{"time":"2026-04-06T20:28:04.142319436-04:00","level":"INFO","msg":"filestream: sending request","total_files":1,"events_offset":116,"events_lines":2}
{"time":"2026-04-06T20:28:04.285984987-04:00","level":"INFO","msg":"filestream: request sent","status":"200 OK"}
{"time":"2026-04-06T20:28:19.141593597-04:00","level":"INFO","msg":"filestream: sending request","total_files":2,"events_offset":118,"events_lines":2,"console_offset":80,"console_lines":1}
{"time":"2026-04-06T20:28:19.298212224-04:00","level":"INFO","msg":"filestream: request sent","status":"200 OK"}
{"time":"2026-04-06T20:28:34.141838306-04:00","level":"INFO","msg":"filestream: sending request","total_files":2,"events_offset":120,"events_lines":2,"console_offset":80,"console_lines":1}
{"time":"2026-04-06T20:28:34.325651361-04:00","level":"INFO","msg":"filestream: request sent","status":"200 OK"}
{"time":"2026-04-06T20:28:49.142426752-04:00","level":"INFO","msg":"filestream: sending request","total_files":2,"events_offset":122,"events_lines":2,"console_offset":80,"console_lines":1}
{"time":"2026-04-06T20:28:49.316905967-04:00","level":"INFO","msg":"filestream: request sent","status":"200 OK"}
{"time":"2026-04-06T20:29:04.14162713-04:00","level":"INFO","msg":"filestream: sending request","total_files":1,"events_offset":124,"events_lines":2}
{"time":"2026-04-06T20:29:04.324103992-04:00","level":"INFO","msg":"filestream: request sent","status":"200 OK"}
{"time":"2026-04-06T20:29:19.141880412-04:00","level":"INFO","msg":"filestream: sending request","total_files":2,"events_offset":126,"events_lines":2,"console_offset":80,"console_lines":1}
{"time":"2026-04-06T20:29:19.335537483-04:00","level":"INFO","msg":"filestream: request sent","status":"200 OK"}
{"time":"2026-04-06T20:29:34.142242303-04:00","level":"INFO","msg":"filestream: sending request","total_files":2,"events_offset":128,"events_lines":2,"console_offset":80,"console_lines":1}
{"time":"2026-04-06T20:29:34.262826056-04:00","level":"INFO","msg":"filestream: request sent","status":"200 OK"}
{"time":"2026-04-06T20:29:49.141403246-04:00","level":"INFO","msg":"filestream: sending request","total_files":1,"events_offset":130,"events_lines":2}
{"time":"2026-04-06T20:29:49.280754729-04:00","level":"INFO","msg":"filestream: request sent","status":"200 OK"}
{"time":"2026-04-06T20:30:04.14184594-04:00","level":"INFO","msg":"filestream: sending request","total_files":1,"events_offset":132,"events_lines":2}
{"time":"2026-04-06T20:30:04.285095875-04:00","level":"INFO","msg":"filestream: request sent","status":"200 OK"}
{"time":"2026-04-06T20:30:19.141556516-04:00","level":"INFO","msg":"filestream: sending request","total_files":2,"events_offset":134,"events_lines":2,"console_offset":80,"console_lines":1}
{"time":"2026-04-06T20:30:19.31820122-04:00","level":"INFO","msg":"filestream: request sent","status":"200 OK"}
{"time":"2026-04-06T20:30:34.142237834-04:00","level":"INFO","msg":"filestream: sending request","total_files":1,"events_offset":136,"events_lines":2}
{"time":"2026-04-06T20:30:34.275934503-04:00","level":"INFO","msg":"filestream: request sent","status":"200 OK"}
{"time":"2026-04-06T20:30:49.14226546-04:00","level":"INFO","msg":"filestream: sending request","total_files":2,"events_offset":138,"events_lines":2,"console_offset":80,"console_lines":1}
{"time":"2026-04-06T20:30:49.293821164-04:00","level":"INFO","msg":"filestream: request sent","status":"200 OK"}
{"time":"2026-04-06T20:31:04.142224243-04:00","level":"INFO","msg":"filestream: sending request","total_files":2,"events_offset":140,"events_lines":2,"console_offset":80,"console_lines":1}
{"time":"2026-04-06T20:31:04.281608055-04:00","level":"INFO","msg":"filestream: request sent","status":"200 OK"}
{"time":"2026-04-06T20:31:19.141803097-04:00","level":"INFO","msg":"filestream: sending request","total_files":2,"events_offset":142,"events_lines":2,"console_offset":80,"console_lines":1}
{"time":"2026-04-06T20:31:19.277421215-04:00","level":"INFO","msg":"filestream: request sent","status":"200 OK"}
{"time":"2026-04-06T20:31:34.141836227-04:00","level":"INFO","msg":"filestream: sending request","total_files":2,"events_offset":144,"events_lines":2,"console_offset":80,"console_lines":1}
{"time":"2026-04-06T20:31:34.327470985-04:00","level":"INFO","msg":"filestream: request sent","status":"200 OK"}
{"time":"2026-04-06T20:31:49.141978798-04:00","level":"INFO","msg":"filestream: sending request","total_files":2,"events_offset":146,"events_lines":2,"console_offset":80,"console_lines":1}
{"time":"2026-04-06T20:31:49.302125792-04:00","level":"INFO","msg":"filestream: request sent","status":"200 OK"}
{"time":"2026-04-06T20:32:04.141422096-04:00","level":"INFO","msg":"filestream: sending request","total_files":1,"events_offset":148,"events_lines":2}
{"time":"2026-04-06T20:32:04.356648369-04:00","level":"INFO","msg":"filestream: request sent","status":"200 OK"}
{"time":"2026-04-06T20:32:19.141809195-04:00","level":"INFO","msg":"filestream: sending request","total_files":2,"events_offset":150,"events_lines":2,"console_offset":80,"console_lines":1}
{"time":"2026-04-06T20:32:19.31748966-04:00","level":"INFO","msg":"filestream: request sent","status":"200 OK"}
{"time":"2026-04-06T20:32:34.142066695-04:00","level":"INFO","msg":"filestream: sending request","total_files":2,"events_offset":152,"events_lines":2,"console_offset":80,"console_lines":1}
{"time":"2026-04-06T20:32:34.272619499-04:00","level":"INFO","msg":"filestream: request sent","status":"200 OK"}
{"time":"2026-04-06T20:32:49.141867991-04:00","level":"INFO","msg":"filestream: sending request","total_files":1,"events_offset":154,"events_lines":2}
{"time":"2026-04-06T20:32:49.290540085-04:00","level":"INFO","msg":"filestream: request sent","status":"200 OK"}
{"time":"2026-04-06T20:33:04.1420991-04:00","level":"INFO","msg":"filestream: sending request","total_files":2,"events_offset":156,"events_lines":2,"console_offset":80,"console_lines":1}
{"time":"2026-04-06T20:33:04.31459348-04:00","level":"INFO","msg":"filestream: request sent","status":"200 OK"}
{"time":"2026-04-06T20:33:19.142060679-04:00","level":"INFO","msg":"filestream: sending request","total_files":4,"history_offset":0,"history_lines":1,"events_offset":158,"events_lines":2,"console_offset":80,"console_lines":2}
{"time":"2026-04-06T20:33:19.308249327-04:00","level":"INFO","msg":"filestream: request sent","status":"200 OK"}
{"time":"2026-04-06T20:33:34.141747822-04:00","level":"INFO","msg":"filestream: sending request","total_files":2,"events_offset":160,"events_lines":2,"console_offset":81,"console_lines":1}
{"time":"2026-04-06T20:33:34.294445617-04:00","level":"INFO","msg":"filestream: request sent","status":"200 OK"}
{"time":"2026-04-06T20:33:49.14139752-04:00","level":"INFO","msg":"filestream: sending request","total_files":1,"events_offset":162,"events_lines":2}
{"time":"2026-04-06T20:33:49.358800794-04:00","level":"INFO","msg":"filestream: request sent","status":"200 OK"}
{"time":"2026-04-06T20:34:04.141692984-04:00","level":"INFO","msg":"filestream: sending request","total_files":2,"events_offset":164,"events_lines":2,"console_offset":81,"console_lines":1}
{"time":"2026-04-06T20:34:04.59159813-04:00","level":"INFO","msg":"filestream: request sent","status":"200 OK"}
{"time":"2026-04-06T20:34:19.141547492-04:00","level":"INFO","msg":"filestream: sending request","total_files":2,"events_offset":166,"events_lines":2,"console_offset":81,"console_lines":1}
{"time":"2026-04-06T20:34:19.276235679-04:00","level":"INFO","msg":"filestream: request sent","status":"200 OK"}
{"time":"2026-04-06T20:34:34.142120543-04:00","level":"INFO","msg":"filestream: sending request","total_files":2,"events_offset":168,"events_lines":2,"console_offset":81,"console_lines":1}
{"time":"2026-04-06T20:34:34.285637658-04:00","level":"INFO","msg":"filestream: request sent","status":"200 OK"}
{"time":"2026-04-06T20:34:49.142349871-04:00","level":"INFO","msg":"filestream: sending request","total_files":2,"events_offset":170,"events_lines":2,"console_offset":81,"console_lines":1}
{"time":"2026-04-06T20:34:49.297584252-04:00","level":"INFO","msg":"filestream: request sent","status":"200 OK"}
{"time":"2026-04-06T20:35:04.141983423-04:00","level":"INFO","msg":"filestream: sending request","total_files":1,"events_offset":172,"events_lines":2}
{"time":"2026-04-06T20:35:04.284936288-04:00","level":"INFO","msg":"filestream: request sent","status":"200 OK"}
{"time":"2026-04-06T20:35:19.14241255-04:00","level":"INFO","msg":"filestream: sending request","total_files":2,"events_offset":174,"events_lines":2,"console_offset":81,"console_lines":1}
{"time":"2026-04-06T20:35:19.333541724-04:00","level":"INFO","msg":"filestream: request sent","status":"200 OK"}
{"time":"2026-04-06T20:35:34.142212352-04:00","level":"INFO","msg":"filestream: sending request","total_files":2,"events_offset":176,"events_lines":2,"console_offset":81,"console_lines":1}
{"time":"2026-04-06T20:35:34.303740607-04:00","level":"INFO","msg":"filestream: request sent","status":"200 OK"}
{"time":"2026-04-06T20:35:49.142260117-04:00","level":"INFO","msg":"filestream: sending request","total_files":2,"events_offset":178,"events_lines":2,"console_offset":81,"console_lines":1}
{"time":"2026-04-06T20:35:49.279609323-04:00","level":"INFO","msg":"filestream: request sent","status":"200 OK"}
{"time":"2026-04-06T20:36:04.142211678-04:00","level":"INFO","msg":"filestream: sending request","total_files":1,"events_offset":180,"events_lines":2}
{"time":"2026-04-06T20:36:04.313288763-04:00","level":"INFO","msg":"filestream: request sent","status":"200 OK"}
{"time":"2026-04-06T20:36:19.141637799-04:00","level":"INFO","msg":"filestream: sending request","total_files":2,"events_offset":182,"events_lines":2,"console_offset":81,"console_lines":1}
{"time":"2026-04-06T20:36:19.270891399-04:00","level":"INFO","msg":"filestream: request sent","status":"200 OK"}
{"time":"2026-04-06T20:36:34.142090749-04:00","level":"INFO","msg":"filestream: sending request","total_files":1,"events_offset":184,"events_lines":2}
{"time":"2026-04-06T20:36:34.353073757-04:00","level":"INFO","msg":"filestream: request sent","status":"200 OK"}
{"time":"2026-04-06T20:36:49.142363674-04:00","level":"INFO","msg":"filestream: sending request","total_files":1,"events_offset":186,"events_lines":2}
{"time":"2026-04-06T20:36:49.334869031-04:00","level":"INFO","msg":"filestream: request sent","status":"200 OK"}
{"time":"2026-04-06T20:37:04.14242458-04:00","level":"INFO","msg":"filestream: sending request","total_files":2,"events_offset":188,"events_lines":2,"console_offset":81,"console_lines":1}
{"time":"2026-04-06T20:37:04.28257126-04:00","level":"INFO","msg":"filestream: request sent","status":"200 OK"}
{"time":"2026-04-06T20:37:19.141959349-04:00","level":"INFO","msg":"filestream: sending request","total_files":2,"events_offset":190,"events_lines":2,"console_offset":81,"console_lines":1}
{"time":"2026-04-06T20:37:19.297736752-04:00","level":"INFO","msg":"filestream: request sent","status":"200 OK"}
{"time":"2026-04-06T20:37:34.141551377-04:00","level":"INFO","msg":"filestream: sending request","total_files":1,"events_offset":192,"events_lines":2}
{"time":"2026-04-06T20:37:34.338206717-04:00","level":"INFO","msg":"filestream: request sent","status":"200 OK"}
{"time":"2026-04-06T20:37:49.141672858-04:00","level":"INFO","msg":"filestream: sending request","total_files":2,"events_offset":194,"events_lines":2,"console_offset":81,"console_lines":1}
{"time":"2026-04-06T20:37:49.33355098-04:00","level":"INFO","msg":"filestream: request sent","status":"200 OK"}
{"time":"2026-04-06T20:38:04.141741521-04:00","level":"INFO","msg":"filestream: sending request","total_files":2,"events_offset":196,"events_lines":2,"console_offset":81,"console_lines":1}
{"time":"2026-04-06T20:38:04.281708658-04:00","level":"INFO","msg":"filestream: request sent","status":"200 OK"}
{"time":"2026-04-06T20:38:19.141642389-04:00","level":"INFO","msg":"filestream: sending request","total_files":2,"events_offset":198,"events_lines":2,"console_offset":81,"console_lines":1}
{"time":"2026-04-06T20:38:19.290648984-04:00","level":"INFO","msg":"filestream: request sent","status":"200 OK"}
{"time":"2026-04-06T20:38:34.141702779-04:00","level":"INFO","msg":"filestream: sending request","total_files":1,"events_offset":200,"events_lines":2}
{"time":"2026-04-06T20:38:34.285392303-04:00","level":"INFO","msg":"filestream: request sent","status":"200 OK"}
{"time":"2026-04-06T20:38:49.142198762-04:00","level":"INFO","msg":"filestream: sending request","total_files":2,"events_offset":202,"events_lines":2,"console_offset":81,"console_lines":1}
{"time":"2026-04-06T20:38:49.310167343-04:00","level":"INFO","msg":"filestream: request sent","status":"200 OK"}
{"time":"2026-04-06T20:39:04.142099066-04:00","level":"INFO","msg":"filestream: sending request","total_files":1,"events_offset":204,"events_lines":2}
{"time":"2026-04-06T20:39:04.328787094-04:00","level":"INFO","msg":"filestream: request sent","status":"200 OK"}
{"time":"2026-04-06T20:39:19.141590526-04:00","level":"INFO","msg":"filestream: sending request","total_files":1,"events_offset":206,"events_lines":2}
{"time":"2026-04-06T20:39:19.295864364-04:00","level":"INFO","msg":"filestream: request sent","status":"200 OK"}
{"time":"2026-04-06T20:39:34.141641303-04:00","level":"INFO","msg":"filestream: sending request","total_files":2,"events_offset":208,"events_lines":2,"console_offset":81,"console_lines":1}
{"time":"2026-04-06T20:39:34.295096924-04:00","level":"INFO","msg":"filestream: request sent","status":"200 OK"}
{"time":"2026-04-06T20:39:49.142089952-04:00","level":"INFO","msg":"filestream: sending request","total_files":2,"events_offset":210,"events_lines":2,"console_offset":81,"console_lines":1}
{"time":"2026-04-06T20:39:49.308190728-04:00","level":"INFO","msg":"filestream: request sent","status":"200 OK"}
{"time":"2026-04-06T20:40:04.141691581-04:00","level":"INFO","msg":"filestream: sending request","total_files":1,"events_offset":212,"events_lines":2}
{"time":"2026-04-06T20:40:04.400873804-04:00","level":"INFO","msg":"filestream: request sent","status":"200 OK"}
{"time":"2026-04-06T20:40:19.141938747-04:00","level":"INFO","msg":"filestream: sending request","total_files":2,"events_offset":214,"events_lines":2,"console_offset":81,"console_lines":1}
{"time":"2026-04-06T20:40:19.29579418-04:00","level":"INFO","msg":"filestream: request sent","status":"200 OK"}
{"time":"2026-04-06T20:40:34.142243516-04:00","level":"INFO","msg":"filestream: sending request","total_files":2,"events_offset":216,"events_lines":2,"console_offset":81,"console_lines":1}
{"time":"2026-04-06T20:40:34.370591724-04:00","level":"INFO","msg":"filestream: request sent","status":"200 OK"}
{"time":"2026-04-06T20:40:49.142091416-04:00","level":"INFO","msg":"filestream: sending request","total_files":2,"events_offset":218,"events_lines":2,"console_offset":81,"console_lines":1}
{"time":"2026-04-06T20:40:49.310251191-04:00","level":"INFO","msg":"filestream: request sent","status":"200 OK"}
{"time":"2026-04-06T20:41:04.141753272-04:00","level":"INFO","msg":"filestream: sending request","total_files":2,"events_offset":220,"events_lines":2,"console_offset":81,"console_lines":1}
{"time":"2026-04-06T20:41:04.310938619-04:00","level":"INFO","msg":"filestream: request sent","status":"200 OK"}
{"time":"2026-04-06T20:41:19.142439444-04:00","level":"INFO","msg":"filestream: sending request","total_files":2,"events_offset":222,"events_lines":2,"console_offset":81,"console_lines":1}
{"time":"2026-04-06T20:41:19.280471097-04:00","level":"INFO","msg":"filestream: request sent","status":"200 OK"}
{"time":"2026-04-06T20:41:34.141413947-04:00","level":"INFO","msg":"filestream: sending request","total_files":1,"events_offset":224,"events_lines":2}
{"time":"2026-04-06T20:41:34.302351899-04:00","level":"INFO","msg":"filestream: request sent","status":"200 OK"}
{"time":"2026-04-06T20:41:49.142326889-04:00","level":"INFO","msg":"filestream: sending request","total_files":2,"events_offset":226,"events_lines":2,"console_offset":81,"console_lines":1}
{"time":"2026-04-06T20:41:49.387030884-04:00","level":"INFO","msg":"filestream: request sent","status":"200 OK"}
{"time":"2026-04-06T20:42:04.141938484-04:00","level":"INFO","msg":"filestream: sending request","total_files":1,"events_offset":228,"events_lines":2}
{"time":"2026-04-06T20:42:04.325087008-04:00","level":"INFO","msg":"filestream: request sent","status":"200 OK"}
{"time":"2026-04-06T20:42:19.1417375-04:00","level":"INFO","msg":"filestream: sending request","total_files":1,"events_offset":230,"events_lines":2}
{"time":"2026-04-06T20:42:19.297770866-04:00","level":"INFO","msg":"filestream: request sent","status":"200 OK"}
{"time":"2026-04-06T20:42:34.142075641-04:00","level":"INFO","msg":"filestream: sending request","total_files":2,"events_offset":232,"events_lines":2,"console_offset":81,"console_lines":1}
{"time":"2026-04-06T20:42:34.305028076-04:00","level":"INFO","msg":"filestream: request sent","status":"200 OK"}
{"time":"2026-04-06T20:42:49.141930015-04:00","level":"INFO","msg":"filestream: sending request","total_files":1,"events_offset":234,"events_lines":2}
{"time":"2026-04-06T20:42:49.279101985-04:00","level":"INFO","msg":"filestream: request sent","status":"200 OK"}
{"time":"2026-04-06T20:43:04.141882496-04:00","level":"INFO","msg":"filestream: sending request","total_files":2,"events_offset":236,"events_lines":2,"console_offset":81,"console_lines":1}
{"time":"2026-04-06T20:43:04.326139943-04:00","level":"INFO","msg":"filestream: request sent","status":"200 OK"}
{"time":"2026-04-06T20:43:19.142202137-04:00","level":"INFO","msg":"filestream: sending request","total_files":2,"events_offset":238,"events_lines":2,"console_offset":81,"console_lines":1}
{"time":"2026-04-06T20:43:19.295962768-04:00","level":"INFO","msg":"filestream: request sent","status":"200 OK"}
{"time":"2026-04-06T20:43:34.141568652-04:00","level":"INFO","msg":"filestream: sending request","total_files":1,"events_offset":240,"events_lines":2}
{"time":"2026-04-06T20:43:34.310345834-04:00","level":"INFO","msg":"filestream: request sent","status":"200 OK"}
{"time":"2026-04-06T20:43:49.142166749-04:00","level":"INFO","msg":"filestream: sending request","total_files":4,"history_offset":1,"history_lines":1,"events_offset":242,"events_lines":2,"console_offset":81,"console_lines":2}
{"time":"2026-04-06T20:43:49.307275767-04:00","level":"INFO","msg":"filestream: request sent","status":"200 OK"}
{"time":"2026-04-06T20:44:04.141906128-04:00","level":"INFO","msg":"filestream: sending request","total_files":1,"events_offset":244,"events_lines":2}
{"time":"2026-04-06T20:44:04.246348176-04:00","level":"INFO","msg":"filestream: request sent","status":"200 OK"}
{"time":"2026-04-06T20:44:19.142338015-04:00","level":"INFO","msg":"filestream: sending request","total_files":2,"events_offset":246,"events_lines":2,"console_offset":82,"console_lines":1}
{"time":"2026-04-06T20:44:19.330905663-04:00","level":"INFO","msg":"filestream: request sent","status":"200 OK"}
{"time":"2026-04-06T20:44:25.146970596-04:00","level":"INFO","msg":"stream: closing"}
{"time":"2026-04-06T20:44:25.463136443-04:00","level":"INFO","msg":"fileTransfer: Close: file transfer manager closed"}
{"time":"2026-04-06T20:44:25.463301411-04:00","level":"INFO","msg":"filestream: sending request","total_files":3,"history_offset":2,"history_lines":1,"console_offset":82,"console_lines":14,"uploaded_len":3,"complete":true,"exit_code":1}
{"time":"2026-04-06T20:44:25.594506897-04:00","level":"INFO","msg":"filestream: request sent","status":"200 OK"}
{"time":"2026-04-06T20:44:25.594614175-04:00","level":"INFO","msg":"handler: closed"}
{"time":"2026-04-06T20:44:25.595436699-04:00","level":"INFO","msg":"sender: closed"}
{"time":"2026-04-06T20:44:25.595441949-04:00","level":"INFO","msg":"stream: closed"}
